[2026-05-13 13:28:50] ============================================================
[2026-05-13 13:28:50] Zerodha enctoken refresh started
[2026-05-13 13:28:50] ============================================================
[2026-05-13 13:28:50] User ID: RD1858
[2026-05-13 13:28:50] Searching browsers for enctoken cookie...
[2026-05-13 13:28:50]   Ulaa: found cookie DB, extracting...
[2026-05-13 13:28:50]   Ulaa: DB is locked (browser open?), trying anyway...
[2026-05-13 13:28:50]   Ulaa: cannot copy DB — [WinError 32] The process cannot access the file because it is being used by another process
[2026-05-13 13:28:50]   Ulaa (alt path): cookie file not found — C:\Users\durge\AppData\Local\Zoho\Ulaa\User Data\Default\Cookies
[2026-05-13 13:28:50]   Ulaa (Roaming): cookie file not found — C:\Users\durge\AppData\Roaming\Zoho\Ulaa\User Data\Default\Network\Cookies
[2026-05-13 13:28:50]   Chrome: cookie file not found — C:\Users\durge\AppData\Local\Google\Chrome\User Data\Default\Network\Cookies
[2026-05-13 13:28:50]   Chrome (alt): cookie file not found — C:\Users\durge\AppData\Local\Google\Chrome\User Data\Default\Cookies
[2026-05-13 13:28:50]   Edge: found cookie DB, extracting...
[2026-05-13 13:28:50]   Edge: no enctoken cookie found
[2026-05-13 13:28:50] ERROR: enctoken not found in any browser
[2026-05-13 13:28:50] Make sure you are logged in to kite.zerodha.com in Ulaa or Chrome
[2026-05-13 13:32:05] ============================================================
[2026-05-13 13:32:05] Zerodha enctoken refresh started
[2026-05-13 13:32:05] ============================================================
[2026-05-13 13:32:05] User ID: RD1858
[2026-05-13 13:32:05] Searching browsers for enctoken cookie...
[2026-05-13 13:32:05]   Ulaa: found cookie DB, extracting...
[2026-05-13 13:32:05]   Ulaa: DB locked (browser open) — using immutable read
[2026-05-13 13:32:07]   Ulaa: error — no such table: cookies
[2026-05-13 13:32:07]   Ulaa (alt path): cookie file not found — C:\Users\durge\AppData\Local\Zoho\Ulaa\User Data\Default\Cookies
[2026-05-13 13:32:07]   Ulaa (Roaming): cookie file not found — C:\Users\durge\AppData\Roaming\Zoho\Ulaa\User Data\Default\Network\Cookies
[2026-05-13 13:32:07]   Chrome: cookie file not found — C:\Users\durge\AppData\Local\Google\Chrome\User Data\Default\Network\Cookies
[2026-05-13 13:32:07]   Chrome (alt): cookie file not found — C:\Users\durge\AppData\Local\Google\Chrome\User Data\Default\Cookies
[2026-05-13 13:32:07]   Edge: found cookie DB, extracting...
[2026-05-13 13:32:07]   Edge: read via immutable URI (browser can stay open)
[2026-05-13 13:32:07]   Edge: no enctoken cookie found
[2026-05-13 13:32:07] ERROR: enctoken not found in any browser
[2026-05-13 13:32:07] Make sure you are logged in to kite.zerodha.com in Ulaa or Chrome
[2026-05-13 13:36:16] ============================================================
[2026-05-13 13:36:16] Zerodha enctoken refresh started
[2026-05-13 13:36:16] ============================================================
[2026-05-13 13:36:16] User ID: RD1858
[2026-05-13 13:36:16] Searching browsers for enctoken cookie...
[2026-05-13 13:36:16]   Ulaa: found cookie DB, extracting...
[2026-05-13 13:36:16]   Ulaa: DB locked (browser open) — using immutable read
[2026-05-13 13:36:17]   Ulaa: error — no such table: cookies
[2026-05-13 13:36:17]   Ulaa (Profile 1): cookie file not found — C:\Users\durge\AppData\Local\Zoho\Ulaa\User Data\Profile 1\Network\Cookies
[2026-05-13 13:36:17]   Chrome (Profile 1): found cookie DB, extracting...
[2026-05-13 13:36:17]   Chrome (Profile 1): DB locked (browser open) — using immutable read
[2026-05-13 13:36:19]   Chrome (Profile 1): error — no such table: cookies
[2026-05-13 13:36:19]   Chrome (Default): cookie file not found — C:\Users\durge\AppData\Local\Google\Chrome\User Data\Default\Network\Cookies
[2026-05-13 13:36:19]   Edge: found cookie DB, extracting...
[2026-05-13 13:36:19]   Edge: read via immutable URI (browser can stay open)
[2026-05-13 13:36:19]   Edge: no enctoken cookie found
[2026-05-13 13:36:19] ERROR: enctoken not found in any browser
[2026-05-13 13:36:19] Make sure you are logged in to kite.zerodha.com in Ulaa or Chrome
[2026-05-13 13:39:24] ============================================================
[2026-05-13 13:39:24] Zerodha enctoken refresh started
[2026-05-13 13:39:24] ============================================================
[2026-05-13 13:39:24] User ID: RD1858
[2026-05-13 13:39:24]   Ulaa: found — copying...
[2026-05-13 13:39:24]   Ulaa: tables = []
[2026-05-13 13:39:24]   Ulaa: 'cookies' table missing — DB may be WAL-only snapshot
[2026-05-13 13:39:24]   Chrome (Profile 1): found — copying...
[2026-05-13 13:39:24]   Chrome (Profile 1): tables = []
[2026-05-13 13:39:24]   Chrome (Profile 1): 'cookies' table missing — DB may be WAL-only snapshot
[2026-05-13 13:39:24]   Chrome (Default): not found — C:\Users\durge\AppData\Local\Google\Chrome\User Data\Default\Network\Cookies
[2026-05-13 13:39:24]   Edge: found — copying...
[2026-05-13 13:39:24]   Edge: tables = ['meta', 'cookies']
[2026-05-13 13:39:24]   Edge: enctoken cookie not found (not logged in to Kite?)
[2026-05-13 13:39:24] ERROR: enctoken not found in any browser
[2026-05-13 13:39:24] Make sure you are logged in to kite.zerodha.com
[2026-05-15 09:00:37] ============================================================
[2026-05-15 09:00:37] Zerodha token refresh started
[2026-05-15 09:00:37] ============================================================
[2026-05-15 09:00:37] User: RD1858
[2026-05-15 09:00:37] Step 1: Logging in to Zerodha...
[2026-05-15 09:00:38] Step 1 OK — request_id: kHvHoz8TFiSec9avi3NyDJdcQj9CrdN43c76DPhYvGuWHXPY5EdlQ1xNDMsw8pMF
[2026-05-15 13:35:04] ============================================================
[2026-05-15 13:35:04] Zerodha enctoken refresh started
[2026-05-15 13:35:04] ============================================================
[2026-05-15 13:35:04] User: RD1858
[2026-05-15 13:35:04] Searching browsers...
[2026-05-15 13:35:04]   Ulaa: found
[2026-05-15 13:35:06]   Ulaa (direct): unable to open database file
[2026-05-15 13:35:06]   Ulaa: trying copy method...
[2026-05-15 13:35:06]   Ulaa (copy): tables = []
[2026-05-15 13:35:06]   Ulaa: no cookies table
[2026-05-15 13:35:06]   Chrome Profile1: found
[2026-05-15 13:35:07]   Chrome Profile1 (direct): unable to open database file
[2026-05-15 13:35:07]   Chrome Profile1: trying copy method...
[2026-05-15 13:35:07]   Chrome Profile1 (copy): tables = []
[2026-05-15 13:35:07]   Chrome Profile1: no cookies table
[2026-05-15 13:35:07]   Chrome Default: not found
[2026-05-15 13:35:07]   Edge: found
[2026-05-15 13:35:07]   Edge (direct): tables = ['meta', 'cookies']
[2026-05-15 13:35:07]   Edge: trying copy method...
[2026-05-15 13:35:07]   Edge (copy): tables = ['meta', 'cookies']
[2026-05-15 13:35:07]   Edge: enctoken cookie not found (logged in to kite.zerodha.com?)
[2026-05-15 13:35:07] ERROR: enctoken not found — make sure you are logged in to kite.zerodha.com
[2026-05-15 13:40:22] ============================================================
[2026-05-15 13:40:22] Zerodha enctoken refresh
[2026-05-15 13:40:22] ============================================================
[2026-05-15 13:40:22] User: RD1858
[2026-05-15 13:40:22] Method 1: Chrome DevTools Protocol...
[2026-05-15 13:40:26]   CDP port 9222: not available (<urlopen error [WinError 10061] No connection could be made because the target machine actively refused it>)
[2026-05-15 13:40:30]   CDP port 9223: not available (<urlopen error [WinError 10061] No connection could be made because the target machine actively refused it>)
[2026-05-15 13:40:34]   CDP port 9224: not available (<urlopen error [WinError 10061] No connection could be made because the target machine actively refused it>)
[2026-05-15 13:40:34] Method 2: SQLite file fallback...
[2026-05-15 13:40:34] ERROR: enctoken not found
[2026-05-15 13:40:34] SOLUTION: Add --remote-debugging-port=9222 to your Ulaa shortcut
[2026-05-15 13:40:34]   Right-click Ulaa → Properties → Target → append: --remote-debugging-port=9222
