2026-05-30 08:15:49 | INFO     | SYSTEM               | ================================================================================
2026-05-30 08:15:49 | INFO     | SYSTEM               | ETF Trading System Started - 2026-05-30 08:15:49
2026-05-30 08:15:49 | INFO     | SYSTEM               | Log file: C:\durgesh\PS5673\logs\trading.log
2026-05-30 08:15:50 | INFO     | SYSTEM               | Mode: LIVE TRADING
2026-05-30 08:15:50 | INFO     | SYSTEM               | ================================================================================
2026-05-30 08:15:54 | INFO     | backend.auth.manager | Starting authentication...
2026-05-30 08:15:54 | DEBUG    | backend.auth.token_store | Loaded enctoken from local file
2026-05-30 08:15:54 | DEBUG    | urllib3.connectionpool | Starting new HTTPS connection (1): kite.zerodha.com:443
2026-05-30 08:15:54 | DEBUG    | urllib3.connectionpool | https://kite.zerodha.com:443 "GET /oms/user/profile HTTP/11" 403 None
2026-05-30 08:15:54 | WARNING  | backend.auth.manager | Saved enctoken is expired
2026-05-30 08:15:54 | INFO     | backend.auth.manager | Saved token expired — trying CDP browser extraction (preserves browser session)...
2026-05-30 08:15:54 | DEBUG    | urllib3.connectionpool | Starting new HTTP connection (1): localhost:9222
2026-05-30 08:15:58 | DEBUG    | urllib3.connectionpool | Starting new HTTP connection (1): localhost:9223
2026-05-30 08:16:02 | DEBUG    | urllib3.connectionpool | Starting new HTTP connection (1): localhost:9224
2026-05-30 08:16:06 | DEBUG    | backend.auth.manager | CDP attempt 1/5: no debug-port browser — retrying...
2026-05-30 08:16:09 | DEBUG    | urllib3.connectionpool | Starting new HTTP connection (1): localhost:9222
2026-05-30 08:16:13 | DEBUG    | urllib3.connectionpool | Starting new HTTP connection (1): localhost:9223
2026-05-30 08:16:17 | DEBUG    | urllib3.connectionpool | Starting new HTTP connection (1): localhost:9224
2026-05-30 08:16:21 | DEBUG    | backend.auth.manager | CDP attempt 2/5: no debug-port browser — retrying...
2026-05-30 08:16:23 | DEBUG    | urllib3.connectionpool | Starting new HTTP connection (1): localhost:9222
2026-05-30 08:16:27 | DEBUG    | urllib3.connectionpool | Starting new HTTP connection (1): localhost:9223
2026-05-30 08:16:31 | DEBUG    | urllib3.connectionpool | Starting new HTTP connection (1): localhost:9224
2026-05-30 08:16:35 | DEBUG    | backend.auth.manager | CDP attempt 3/5: no debug-port browser — retrying...
2026-05-30 08:16:38 | DEBUG    | urllib3.connectionpool | Starting new HTTP connection (1): localhost:9222
2026-05-30 08:16:42 | DEBUG    | urllib3.connectionpool | Starting new HTTP connection (1): localhost:9223
2026-05-30 08:16:46 | DEBUG    | urllib3.connectionpool | Starting new HTTP connection (1): localhost:9224
2026-05-30 08:16:50 | DEBUG    | backend.auth.manager | CDP attempt 4/5: no debug-port browser — retrying...
2026-05-30 08:16:53 | DEBUG    | urllib3.connectionpool | Starting new HTTP connection (1): localhost:9222
2026-05-30 08:16:57 | DEBUG    | urllib3.connectionpool | Starting new HTTP connection (1): localhost:9223
2026-05-30 08:17:01 | DEBUG    | urllib3.connectionpool | Starting new HTTP connection (1): localhost:9224
2026-05-30 08:17:05 | DEBUG    | backend.auth.manager | No CDP-enabled browser on ports 9222-9224
2026-05-30 08:17:05 | INFO     | backend.auth.manager | No browser found — using credentials login (headless mode only)
2026-05-30 08:17:05 | INFO     | backend.auth.manager | Performing fresh credentials login (no browser detected)...
2026-05-30 08:17:05 | DEBUG    | urllib3.connectionpool | https://kite.zerodha.com:443 "POST /api/login HTTP/11" 200 None
2026-05-30 08:17:05 | DEBUG    | urllib3.connectionpool | https://kite.zerodha.com:443 "POST /api/twofa HTTP/11" 200 42
2026-05-30 08:17:05 | INFO     | backend.auth.token_store | ✓ Enctoken saved to C:\durgesh\PS5673\config\enctoken.json
2026-05-30 08:17:05 | INFO     | backend.auth.manager | Fresh login successful for PS5673
2026-05-30 08:17:05 | INFO     | backend.auth.manager | ✓ Authenticated using credentials login
2026-05-30 08:17:05 | INFO     | backend.data.historical | Loading historical data...
2026-05-30 08:17:05 | INFO     | backend.data.historical | Loading data for 9 symbols: 'MON100'GOLDBEES'SILVERBEES'JUNIORBEES'MINDSPACE-RR'EMBASSY-RR'BANKBEES'HNGSNGBEES'MID150BEES'
2026-05-30 08:17:05 | DEBUG    | urllib3.connectionpool | Starting new HTTPS connection (1): api.kite.trade:443
2026-05-30 08:17:05 | DEBUG    | urllib3.connectionpool | https://api.kite.trade:443 "GET /instruments HTTP/11" 200 1656689
2026-05-30 08:17:06 | INFO     | backend.data.historical | ✓ Instruments CSV for historical from https://api.kite.trade/instruments (120943 rows)
2026-05-30 08:17:06 | DEBUG    | backend.data.historical | Instruments CSV loaded: 120943 rows, segments: ['BFO-FUT', 'BFO-OPT', 'BSE', 'CDS-FUT', 'CDS-OPT', 'INDICES', 'MCX-FUT', 'MCX-OPT', 'NCO', 'NCO-FUT', 'NCO-OPT', 'NFO-FUT', 'NFO-OPT', 'NSE']
2026-05-30 08:17:06 | DEBUG    | backend.data.historical | MON100: found in segment 'NSE'
2026-05-30 08:17:06 | INFO     | backend.data.historical | ✓ Instrument token for MON100: 5821185
2026-05-30 08:17:06 | DEBUG    | backend.data.historical | GOLDBEES: found in segment 'NSE'
2026-05-30 08:17:06 | INFO     | backend.data.historical | ✓ Instrument token for GOLDBEES: 3693569
2026-05-30 08:17:06 | DEBUG    | backend.data.historical | SILVERBEES: found in segment 'NSE'
2026-05-30 08:17:06 | INFO     | backend.data.historical | ✓ Instrument token for SILVERBEES: 2068481
2026-05-30 08:17:06 | DEBUG    | backend.data.historical | JUNIORBEES: found in segment 'NSE'
2026-05-30 08:17:06 | INFO     | backend.data.historical | ✓ Instrument token for JUNIORBEES: 2800385
2026-05-30 08:17:06 | DEBUG    | backend.data.historical | MINDSPACE-RR: found in segment 'NSE'
2026-05-30 08:17:06 | INFO     | backend.data.historical | ✓ Instrument token for MINDSPACE-RR: 5710849
2026-05-30 08:17:06 | DEBUG    | backend.data.historical | EMBASSY-RR: found in segment 'NSE'
2026-05-30 08:17:06 | INFO     | backend.data.historical | ✓ Instrument token for EMBASSY-RR: 2402049
2026-05-30 08:17:06 | DEBUG    | backend.data.historical | BANKBEES: found in segment 'NSE'
2026-05-30 08:17:06 | INFO     | backend.data.historical | ✓ Instrument token for BANKBEES: 2928385
2026-05-30 08:17:06 | DEBUG    | backend.data.historical | HNGSNGBEES: found in segment 'NSE'
2026-05-30 08:17:06 | INFO     | backend.data.historical | ✓ Instrument token for HNGSNGBEES: 4680705
2026-05-30 08:17:06 | DEBUG    | backend.data.historical | MID150BEES: found in segment 'NSE'
2026-05-30 08:17:06 | INFO     | backend.data.historical | ✓ Instrument token for MID150BEES: 2177537
2026-05-30 08:17:06 | INFO     | backend.data.historical | 📥 MON100: CSV data stale (last=2026-05-27). Fetching 2026-05-28 → 2026-05-29...
2026-05-30 08:17:07 | DEBUG    | urllib3.connectionpool | https://kite.zerodha.com:443 "GET /oms/instruments/historical/5821185/day?from=2026-05-28&to=2026-05-29&continuous=0&oi=1 HTTP/11" 200 None
2026-05-30 08:17:07 | INFO     | backend.data.historical | ✅ MON100: added 1 new candles (CSV now has 296 bars)
2026-05-30 08:17:07 | DEBUG    | backend.data.historical | Loaded 296 daily candles for MON100
2026-05-30 08:17:07 | INFO     | backend.data.historical | 📥 GOLDBEES: CSV data stale (last=2026-05-27). Fetching 2026-05-28 → 2026-05-29...
2026-05-30 08:17:07 | DEBUG    | urllib3.connectionpool | https://kite.zerodha.com:443 "GET /oms/instruments/historical/3693569/day?from=2026-05-28&to=2026-05-29&continuous=0&oi=1 HTTP/11" 200 None
2026-05-30 08:17:07 | INFO     | backend.data.historical | ✅ GOLDBEES: added 1 new candles (CSV now has 296 bars)
2026-05-30 08:17:07 | DEBUG    | backend.data.historical | Loaded 296 daily candles for GOLDBEES
2026-05-30 08:17:07 | INFO     | backend.data.historical | 📥 SILVERBEES: CSV data stale (last=2026-05-27). Fetching 2026-05-28 → 2026-05-29...
2026-05-30 08:17:07 | DEBUG    | urllib3.connectionpool | https://kite.zerodha.com:443 "GET /oms/instruments/historical/2068481/day?from=2026-05-28&to=2026-05-29&continuous=0&oi=1 HTTP/11" 200 None
2026-05-30 08:17:07 | INFO     | backend.data.historical | ✅ SILVERBEES: added 1 new candles (CSV now has 296 bars)
2026-05-30 08:17:07 | DEBUG    | backend.data.historical | Loaded 296 daily candles for SILVERBEES
2026-05-30 08:17:07 | INFO     | backend.data.historical | 📥 JUNIORBEES: CSV data stale (last=2026-05-27). Fetching 2026-05-28 → 2026-05-29...
2026-05-30 08:17:07 | DEBUG    | urllib3.connectionpool | https://kite.zerodha.com:443 "GET /oms/instruments/historical/2800385/day?from=2026-05-28&to=2026-05-29&continuous=0&oi=1 HTTP/11" 200 None
2026-05-30 08:17:07 | INFO     | backend.data.historical | ✅ JUNIORBEES: added 1 new candles (CSV now has 285 bars)
2026-05-30 08:17:07 | DEBUG    | backend.data.historical | Loaded 285 daily candles for JUNIORBEES
2026-05-30 08:17:07 | INFO     | backend.data.historical | 📥 MINDSPACE-RR: CSV data stale (last=2026-05-27). Fetching 2026-05-28 → 2026-05-29...
2026-05-30 08:17:07 | DEBUG    | urllib3.connectionpool | https://kite.zerodha.com:443 "GET /oms/instruments/historical/5710849/day?from=2026-05-28&to=2026-05-29&continuous=0&oi=1 HTTP/11" 200 None
2026-05-30 08:17:07 | INFO     | backend.data.historical | ✅ MINDSPACE-RR: added 1 new candles (CSV now has 296 bars)
2026-05-30 08:17:07 | DEBUG    | backend.data.historical | Loaded 296 daily candles for MINDSPACE-RR
2026-05-30 08:17:07 | INFO     | backend.data.historical | 📥 EMBASSY-RR: CSV data stale (last=2026-05-27). Fetching 2026-05-28 → 2026-05-29...
2026-05-30 08:17:07 | DEBUG    | urllib3.connectionpool | https://kite.zerodha.com:443 "GET /oms/instruments/historical/2402049/day?from=2026-05-28&to=2026-05-29&continuous=0&oi=1 HTTP/11" 200 None
2026-05-30 08:17:07 | INFO     | backend.data.historical | ✅ EMBASSY-RR: added 1 new candles (CSV now has 296 bars)
2026-05-30 08:17:07 | DEBUG    | backend.data.historical | Loaded 296 daily candles for EMBASSY-RR
2026-05-30 08:17:07 | INFO     | backend.data.historical | 📥 BANKBEES: CSV data stale (last=2026-05-27). Fetching 2026-05-28 → 2026-05-29...
2026-05-30 08:17:07 | DEBUG    | urllib3.connectionpool | https://kite.zerodha.com:443 "GET /oms/instruments/historical/2928385/day?from=2026-05-28&to=2026-05-29&continuous=0&oi=1 HTTP/11" 200 None
2026-05-30 08:17:07 | INFO     | backend.data.historical | ✅ BANKBEES: added 1 new candles (CSV now has 275 bars)
2026-05-30 08:17:07 | DEBUG    | backend.data.historical | Loaded 275 daily candles for BANKBEES
2026-05-30 08:17:07 | INFO     | backend.data.historical | 📥 HNGSNGBEES: CSV data stale (last=2026-05-27). Fetching 2026-05-28 → 2026-05-29...
2026-05-30 08:17:07 | DEBUG    | urllib3.connectionpool | https://kite.zerodha.com:443 "GET /oms/instruments/historical/4680705/day?from=2026-05-28&to=2026-05-29&continuous=0&oi=1 HTTP/11" 200 None
2026-05-30 08:17:07 | INFO     | backend.data.historical | ✅ HNGSNGBEES: added 1 new candles (CSV now has 274 bars)
2026-05-30 08:17:07 | DEBUG    | backend.data.historical | Loaded 274 daily candles for HNGSNGBEES
2026-05-30 08:17:07 | INFO     | backend.data.historical | 📥 MID150BEES: CSV data stale (last=2026-05-27). Fetching 2026-05-28 → 2026-05-29...
2026-05-30 08:17:07 | DEBUG    | urllib3.connectionpool | https://kite.zerodha.com:443 "GET /oms/instruments/historical/2177537/day?from=2026-05-28&to=2026-05-29&continuous=0&oi=1 HTTP/11" 200 None
2026-05-30 08:17:07 | INFO     | backend.data.historical | ✅ MID150BEES: added 1 new candles (CSV now has 335 bars)
2026-05-30 08:17:07 | DEBUG    | backend.data.historical | Loaded 335 daily candles for MID150BEES
2026-05-30 08:17:07 | INFO     | backend.data.historical | ✓ Historical data loaded for 9 symbols (active + BnH)
2026-05-30 08:17:07 | INFO     | backend.data.realtime | Initializing WebSocket connection...
2026-05-30 08:17:07 | DEBUG    | urllib3.connectionpool | Starting new HTTPS connection (1): api.kite.trade:443
2026-05-30 08:17:08 | DEBUG    | urllib3.connectionpool | https://api.kite.trade:443 "GET /instruments HTTP/11" 200 1656689
2026-05-30 08:17:09 | INFO     | backend.data.realtime | ✓ Instruments CSV from https://api.kite.trade/instruments (120943 rows)
2026-05-30 08:17:09 | INFO     | backend.data.realtime | Looking up tokens for: MON100, GOLDBEES, SILVERBEES, JUNIORBEES, MINDSPACE-RR, EMBASSY-RR, BANKBEES, HNGSNGBEES, MID150BEES, LIQUIDCASE
2026-05-30 08:17:09 | INFO     | backend.data.realtime | ✓ MON100: token 5821185 (segment=NSE)
2026-05-30 08:17:09 | INFO     | backend.data.realtime | ✓ GOLDBEES: token 3693569 (segment=NSE)
2026-05-30 08:17:09 | INFO     | backend.data.realtime | ✓ SILVERBEES: token 2068481 (segment=NSE)
2026-05-30 08:17:09 | INFO     | backend.data.realtime | ✓ JUNIORBEES: token 2800385 (segment=NSE)
2026-05-30 08:17:09 | INFO     | backend.data.realtime | ✓ MINDSPACE-RR: token 5710849 (segment=NSE)
2026-05-30 08:17:09 | INFO     | backend.data.realtime | ✓ EMBASSY-RR: token 2402049 (segment=NSE)
2026-05-30 08:17:09 | INFO     | backend.data.realtime | ✓ BANKBEES: token 2928385 (segment=NSE)
2026-05-30 08:17:09 | INFO     | backend.data.realtime | ✓ HNGSNGBEES: token 4680705 (segment=NSE)
2026-05-30 08:17:09 | INFO     | backend.data.realtime | ✓ MID150BEES: token 2177537 (segment=NSE)
2026-05-30 08:17:09 | INFO     | backend.data.realtime | ✓ LIQUIDCASE: token 5568001 (segment=NSE)
2026-05-30 08:17:09 | INFO     | backend.data.realtime | ✓ Index NIFTY 50: token 256265
2026-05-30 08:17:09 | INFO     | backend.data.realtime | ✓ Index GIFT NIFTY: token 291849
2026-05-30 08:17:10 | INFO     | backend.data.realtime | ✓ Index NIFTY MIDCAP 150: token 266249
2026-05-30 08:17:10 | INFO     | backend.data.realtime | ✓ Index INDIA VIX: token 264969
2026-05-30 08:17:10 | INFO     | backend.data.realtime | ✓ Token cache saved: 14 tokens → instrument_tokens.json
2026-05-30 08:17:10 | INFO     | backend.data.realtime | ✓ 14 instrument tokens ready
2026-05-30 08:17:10 | INFO     | backend.data.realtime | ✓ WebSocket initialized
2026-05-30 08:17:10 | INFO     | backend.data.realtime | Starting WebSocket connection...
2026-05-30 08:17:10 | INFO     | backend.data.realtime | ✓ WebSocket connected successfully
2026-05-30 08:17:10 | INFO     | backend.data.realtime | Subscribing to 14 instruments...
2026-05-30 08:17:10 | INFO     | backend.data.realtime | ✅ Subscribe called successfully
2026-05-30 08:17:10 | INFO     | backend.data.realtime | ✅ Set mode to FULL successfully
2026-05-30 08:17:10 | INFO     | backend.data.realtime | ✅ Subscribed to 14 instruments - waiting for ticks...
2026-05-30 08:17:10 | INFO     | backend.data.realtime | ✓ WebSocket connected and subscribed
2026-05-30 08:17:12 | INFO     | backend.portfolio.tracker | Syncing portfolio with Zerodha...
2026-05-30 08:17:12 | DEBUG    | urllib3.connectionpool | https://kite.zerodha.com:443 "GET /oms/portfolio/holdings HTTP/11" 200 None
2026-05-30 08:17:12 | DEBUG    | urllib3.connectionpool | https://kite.zerodha.com:443 "GET /oms/portfolio/positions HTTP/11" 200 None
2026-05-30 08:17:12 | INFO     | backend.portfolio.tracker | LIQUIDCASE (Holdings): 36318 free + 45000 pledged + 0 T1 = 81318 units @ ₹114.30
2026-05-30 08:17:12 | INFO     | backend.portfolio.tracker | LIQUIDCASE Total: 81318 units = ₹9294647.40
2026-05-30 08:17:12 | DEBUG    | backend.portfolio.tracker | Slot locked: SILVERBEES (Holdings)
2026-05-30 08:17:12 | INFO     | backend.portfolio.tracker | Active ETFs: MON100, GOLDBEES, SILVERBEES, JUNIORBEES, MINDSPACE-RR, EMBASSY-RR, BANKBEES, HNGSNGBEES
2026-05-30 08:17:12 | INFO     | backend.portfolio.tracker | Slots: 7 available, 1 locked (SILVERBEES)
2026-05-30 08:17:12 | INFO     | backend.portfolio.tracker | ✓ Portfolio synced successfully
2026-05-30 08:17:12 | INFO     | backend.portfolio.tracker | ------------------------------------------------------------
2026-05-30 08:17:12 | INFO     | backend.portfolio.tracker | PORTFOLIO SUMMARY
2026-05-30 08:17:12 | INFO     | backend.portfolio.tracker | ------------------------------------------------------------
2026-05-30 08:17:12 | INFO     | backend.portfolio.tracker | LIQUIDCASE: 81318 units (₹9294647.40)
2026-05-30 08:17:12 | INFO     | backend.portfolio.tracker | Active ETFs: MON100, GOLDBEES, SILVERBEES, JUNIORBEES, MINDSPACE-RR, EMBASSY-RR, BANKBEES, HNGSNGBEES
2026-05-30 08:17:12 | INFO     | backend.portfolio.tracker | Held ETFs (1): SILVERBEES
2026-05-30 08:17:12 | INFO     | backend.portfolio.tracker | Available slots: 7/8
2026-05-30 08:17:12 | INFO     | backend.portfolio.tracker | ------------------------------------------------------------
2026-05-30 08:17:12 | INFO     | backend.strategy.intraday_engine | Dip Accumulator engine initialised for ['MID150BEES']
2026-05-30 08:17:12 | INFO     | frontend.app         | Dashboard initialized with backend instances
2026-05-30 08:17:12 | INFO     | __main__             | 🤖 Trading loop thread started (60s startup grace period — monitoring only)
2026-05-30 08:17:12 | INFO     | __main__             | ✅ Trading loop thread started (waiting for bot activation)
2026-05-30 08:17:16 | INFO     | backend.utils.keep_alive | Hibernate watchdog started
2026-05-30 08:17:16 | INFO     | backend.utils.keep_alive | WebSocket watchdog started (stale threshold: 90s)
2026-05-30 08:17:16 | INFO     | backend.utils.keep_alive | Hibernate watchdog + WS watchdog threads started
2026-05-30 08:17:16 | INFO     | __main__             | ✅ Hibernate + WebSocket watchdogs started
2026-05-30 08:17:16 | INFO     | werkzeug             | [31m[1mWARNING: This is a development server. Do not use it in a production deployment. Use a production WSGI server instead.[0m
 * Running on all addresses (0.0.0.0)
 * Running on http://127.0.0.1:5001
 * Running on http://10.150.244.233:5001
2026-05-30 08:17:16 | INFO     | werkzeug             | [33mPress CTRL+C to quit[0m
2026-05-30 08:17:16 | INFO     | werkzeug             | 127.0.0.1 - - [30/May/2026 08:17:16] "GET /ping HTTP/1.1" 200 -
2026-05-30 08:17:30 | INFO     | werkzeug             | 127.0.0.1 - - [30/May/2026 08:17:30] "GET / HTTP/1.1" 200 -
2026-05-30 08:17:31 | INFO     | werkzeug             | 127.0.0.1 - - [30/May/2026 08:17:31] "GET /static/css/style.css?v=1780109152 HTTP/1.1" 200 -
2026-05-30 08:17:31 | INFO     | werkzeug             | 127.0.0.1 - - [30/May/2026 08:17:31] "GET /static/js/tabs.js?v=1780109152 HTTP/1.1" 200 -
2026-05-30 08:17:31 | INFO     | werkzeug             | 127.0.0.1 - - [30/May/2026 08:17:31] "GET /static/js/dashboard.js?v=1780109152 HTTP/1.1" 200 -
2026-05-30 08:17:31 | INFO     | werkzeug             | 127.0.0.1 - - [30/May/2026 08:17:31] "GET /api/status HTTP/1.1" 200 -
2026-05-30 08:17:32 | INFO     | werkzeug             | 127.0.0.1 - - [30/May/2026 08:17:32] "GET /api/indices HTTP/1.1" 200 -
2026-05-30 08:17:32 | DEBUG    | backend.portfolio.tracker | ✓ Found SILVERBEES in Holdings: 79 free + 0 pledged + 0 T1 = 79 units
2026-05-30 08:17:32 | DEBUG    | backend.portfolio.tracker | 📊 SILVERBEES: 79 units (Holdings only)
2026-05-30 08:17:32 | DEBUG    | backend.portfolio.tracker | ✓ SILVERBEES avg from HOLDINGS: ₹251.45
2026-05-30 08:17:32 | DEBUG    | backend.portfolio.tracker | ✓ Found MID150BEES in Holdings: 244 free + 0 pledged + 0 T1 = 244 units
2026-05-30 08:17:32 | DEBUG    | backend.portfolio.tracker | 📊 MID150BEES: 244 units (Holdings only)
2026-05-30 08:17:32 | DEBUG    | backend.portfolio.tracker | ✓ MID150BEES avg from HOLDINGS: ₹226.02
2026-05-30 08:17:32 | DEBUG    | backend.portfolio.tracker | ✓ Found EMBASSY-RR in Holdings: 0 free + 0 pledged + 47 T1 = 47 units
2026-05-30 08:17:32 | INFO     | werkzeug             | 127.0.0.1 - - [30/May/2026 08:17:32] "GET /api/config HTTP/1.1" 200 -
2026-05-30 08:17:32 | DEBUG    | backend.portfolio.tracker | 📊 EMBASSY-RR: 47 units (Holdings only)
2026-05-30 08:17:32 | INFO     | werkzeug             | 127.0.0.1 - - [30/May/2026 08:17:32] "GET /api/symbols/get HTTP/1.1" 200 -
2026-05-30 08:17:32 | DEBUG    | backend.portfolio.tracker | ✓ EMBASSY-RR avg from HOLDINGS: ₹425.39
2026-05-30 08:17:32 | INFO     | werkzeug             | 127.0.0.1 - - [30/May/2026 08:17:32] "GET /api/portfolio HTTP/1.1" 200 -
2026-05-30 08:17:32 | INFO     | werkzeug             | 127.0.0.1 - - [30/May/2026 08:17:32] "GET /api/logs HTTP/1.1" 200 -
2026-05-30 08:17:32 | DEBUG    | urllib3.connectionpool | https://kite.zerodha.com:443 "GET /oms/orders HTTP/11" 200 30
2026-05-30 08:17:32 | INFO     | werkzeug             | 127.0.0.1 - - [30/May/2026 08:17:32] "GET /api/transactions HTTP/1.1" 200 -
2026-05-30 08:17:32 | INFO     | werkzeug             | 127.0.0.1 - - [30/May/2026 08:17:32] "GET /api/auth/status HTTP/1.1" 200 -
2026-05-30 08:17:32 | INFO     | werkzeug             | 127.0.0.1 - - [30/May/2026 08:17:32] "[33mGET /favicon.ico HTTP/1.1[0m" 404 -
2026-05-30 08:17:32 | DEBUG    | backend.portfolio.tracker | ✓ MID150BEES avg from HOLDINGS: ₹226.02
2026-05-30 08:17:32 | INFO     | werkzeug             | 127.0.0.1 - - [30/May/2026 08:17:32] "GET /api/intraday/status HTTP/1.1" 200 -
2026-05-30 08:17:32 | DEBUG    | backend.portfolio.tracker | ✓ Found SILVERBEES in Holdings: 79 free + 0 pledged + 0 T1 = 79 units
2026-05-30 08:17:32 | DEBUG    | backend.portfolio.tracker | 📊 SILVERBEES: 79 units (Holdings only)
2026-05-30 08:17:32 | DEBUG    | backend.portfolio.tracker | ✓ SILVERBEES avg from HOLDINGS: ₹251.45
2026-05-30 08:17:32 | DEBUG    | backend.portfolio.tracker | ✓ Found EMBASSY-RR in Holdings: 0 free + 0 pledged + 47 T1 = 47 units
2026-05-30 08:17:32 | DEBUG    | backend.portfolio.tracker | 📊 EMBASSY-RR: 47 units (Holdings only)
2026-05-30 08:17:32 | DEBUG    | backend.portfolio.tracker | ✓ EMBASSY-RR avg from HOLDINGS: ₹425.39
2026-05-30 08:17:32 | INFO     | werkzeug             | 127.0.0.1 - - [30/May/2026 08:17:32] "GET /api/market HTTP/1.1" 200 -
2026-05-30 08:17:32 | DEBUG    | urllib3.connectionpool | https://kite.zerodha.com:443 "GET /oms/user/margins HTTP/11" 200 None
2026-05-30 08:17:32 | INFO     | frontend.routes      | Funds — opening=₹10656.60  collateral=₹22690366.40  used_margin=₹22597008.73  available_cash=₹10656.60  → available_margin=₹104014.27 (collateral-used+cash)  all_keys=['adhoc_margin', 'cash', 'opening_balance', 'live_balance', 'collateral', 'intraday_payin']
2026-05-30 08:17:32 | INFO     | werkzeug             | 127.0.0.1 - - [30/May/2026 08:17:32] "GET /api/cash-balance HTTP/1.1" 200 -
2026-05-30 08:17:32 | INFO     | werkzeug             | 127.0.0.1 - - [30/May/2026 08:17:32] "GET /api/auth/status HTTP/1.1" 200 -
2026-05-30 08:17:33 | INFO     | werkzeug             | 127.0.0.1 - - [30/May/2026 08:17:33] "[33mGET /api/bot/status HTTP/1.1[0m" 404 -
2026-05-30 08:17:33 | DEBUG    | urllib3.connectionpool | https://kite.zerodha.com:443 "GET /oms/user/margins HTTP/11" 200 None
2026-05-30 08:17:33 | INFO     | frontend.routes      | Funds — opening=₹10656.60  collateral=₹22690366.40  used_margin=₹22597008.73  available_cash=₹10656.60  → available_margin=₹104014.27 (collateral-used+cash)  all_keys=['adhoc_margin', 'cash', 'opening_balance', 'live_balance', 'collateral', 'intraday_payin']
2026-05-30 08:17:33 | INFO     | werkzeug             | 127.0.0.1 - - [30/May/2026 08:17:33] "GET /api/cash-balance HTTP/1.1" 200 -
2026-05-30 08:17:33 | INFO     | frontend.routes      | Bot started via dashboard
2026-05-30 08:17:33 | INFO     | werkzeug             | 127.0.0.1 - - [30/May/2026 08:17:33] "POST /api/bot/start HTTP/1.1" 200 -
2026-05-30 08:17:34 | DEBUG    | __main__             | ⏳ Startup grace period — monitoring signals, no execution yet
2026-05-30 08:17:34 | DEBUG    | backend.portfolio.tracker | ✓ MID150BEES avg from HOLDINGS: ₹226.02
2026-05-30 08:17:34 | INFO     | werkzeug             | 127.0.0.1 - - [30/May/2026 08:17:34] "GET /api/intraday/status HTTP/1.1" 200 -
2026-05-30 08:17:35 | INFO     | backend.strategy.intraday_engine | Dip Accumulator engine loop started
2026-05-30 08:17:35 | INFO     | backend.strategy.intraday_engine | [MID150BEES] Session reset for 2026-05-30
2026-05-30 08:17:35 | INFO     | backend.strategy.intraday_engine | Dip Accumulator engine STARTED — watching ['MID150BEES']
2026-05-30 08:17:35 | INFO     | werkzeug             | 127.0.0.1 - - [30/May/2026 08:17:35] "POST /api/intraday/start HTTP/1.1" 200 -
2026-05-30 08:17:35 | DEBUG    | backend.portfolio.tracker | ✓ MID150BEES avg from HOLDINGS: ₹226.02
2026-05-30 08:17:35 | DEBUG    | backend.portfolio.tracker | ✓ Found MID150BEES in Holdings: 244 free + 0 pledged + 0 T1 = 244 units
2026-05-30 08:17:35 | DEBUG    | backend.portfolio.tracker | 📊 MID150BEES: 244 units (Holdings only)
2026-05-30 08:17:35 | DEBUG    | backend.portfolio.tracker | ✓ MID150BEES avg from HOLDINGS: ₹226.02
2026-05-30 08:17:35 | DEBUG    | backend.portfolio.tracker | ✓ MID150BEES avg from HOLDINGS: ₹226.02
2026-05-30 08:17:35 | INFO     | werkzeug             | 127.0.0.1 - - [30/May/2026 08:17:35] "GET /api/intraday/status HTTP/1.1" 200 -
2026-05-30 08:17:36 | DEBUG    | __main__             | ⏳ Startup grace period — monitoring signals, no execution yet
2026-05-30 08:17:36 | INFO     | werkzeug             | 127.0.0.1 - - [30/May/2026 08:17:36] "GET /api/auth/status HTTP/1.1" 200 -
2026-05-30 08:17:37 | INFO     | werkzeug             | 127.0.0.1 - - [30/May/2026 08:17:37] "GET /api/auth/status HTTP/1.1" 200 -
2026-05-30 08:17:38 | DEBUG    | __main__             | ⏳ Startup grace period — monitoring signals, no execution yet
2026-05-30 08:17:40 | DEBUG    | __main__             | ⏳ Startup grace period — monitoring signals, no execution yet
2026-05-30 08:17:41 | DEBUG    | backend.portfolio.tracker | ✓ MID150BEES avg from HOLDINGS: ₹226.02
2026-05-30 08:17:41 | INFO     | werkzeug             | 127.0.0.1 - - [30/May/2026 08:17:41] "GET /api/intraday/status HTTP/1.1" 200 -
2026-05-30 08:17:41 | INFO     | werkzeug             | 127.0.0.1 - - [30/May/2026 08:17:41] "GET /api/indices HTTP/1.1" 200 -
2026-05-30 08:17:42 | DEBUG    | __main__             | ⏳ Startup grace period — monitoring signals, no execution yet
2026-05-30 08:17:42 | INFO     | werkzeug             | 127.0.0.1 - - [30/May/2026 08:17:42] "GET /api/auth/status HTTP/1.1" 200 -
2026-05-30 08:17:42 | DEBUG    | urllib3.connectionpool | https://kite.zerodha.com:443 "GET /oms/orders HTTP/11" 200 30
2026-05-30 08:17:42 | INFO     | werkzeug             | 127.0.0.1 - - [30/May/2026 08:17:42] "GET /api/transactions HTTP/1.1" 200 -
2026-05-30 08:17:42 | INFO     | werkzeug             | 127.0.0.1 - - [30/May/2026 08:17:42] "GET /api/auth/status HTTP/1.1" 200 -
2026-05-30 08:17:44 | DEBUG    | __main__             | ⏳ Startup grace period — monitoring signals, no execution yet
2026-05-30 08:17:44 | INFO     | frontend.routes      | Bot PAUSED — all OMS API calls and re-auth suspended
2026-05-30 08:17:44 | INFO     | werkzeug             | 127.0.0.1 - - [30/May/2026 08:17:44] "POST /api/bot/pause HTTP/1.1" 200 -
2026-05-30 08:17:46 | INFO     | werkzeug             | 127.0.0.1 - - [30/May/2026 08:17:46] "GET /api/auth/status HTTP/1.1" 200 -
2026-05-30 08:17:47 | INFO     | werkzeug             | 127.0.0.1 - - [30/May/2026 08:17:47] "GET /api/auth/status HTTP/1.1" 200 -
2026-05-30 08:17:50 | INFO     | werkzeug             | 127.0.0.1 - - [30/May/2026 08:17:50] "GET /api/indices HTTP/1.1" 200 -
2026-05-30 08:17:50 | INFO     | backend.portfolio.tracker | Syncing portfolio with Zerodha...
2026-05-30 08:17:50 | INFO     | werkzeug             | 127.0.0.1 - - [30/May/2026 08:17:50] "GET /api/status HTTP/1.1" 200 -
2026-05-30 08:17:50 | DEBUG    | backend.portfolio.tracker | ✓ Found SILVERBEES in Holdings: 79 free + 0 pledged + 0 T1 = 79 units
2026-05-30 08:17:50 | DEBUG    | backend.portfolio.tracker | 📊 SILVERBEES: 79 units (Holdings only)
2026-05-30 08:17:50 | DEBUG    | backend.portfolio.tracker | ✓ SILVERBEES avg from HOLDINGS: ₹251.45
2026-05-30 08:17:50 | DEBUG    | backend.portfolio.tracker | ✓ Found MID150BEES in Holdings: 244 free + 0 pledged + 0 T1 = 244 units
2026-05-30 08:17:50 | DEBUG    | backend.portfolio.tracker | 📊 MID150BEES: 244 units (Holdings only)
2026-05-30 08:17:50 | DEBUG    | backend.portfolio.tracker | ✓ MID150BEES avg from HOLDINGS: ₹226.02
2026-05-30 08:17:50 | DEBUG    | backend.portfolio.tracker | ✓ Found EMBASSY-RR in Holdings: 0 free + 0 pledged + 47 T1 = 47 units
2026-05-30 08:17:50 | DEBUG    | backend.portfolio.tracker | 📊 EMBASSY-RR: 47 units (Holdings only)
2026-05-30 08:17:50 | DEBUG    | backend.portfolio.tracker | ✓ EMBASSY-RR avg from HOLDINGS: ₹425.39
2026-05-30 08:17:50 | INFO     | werkzeug             | 127.0.0.1 - - [30/May/2026 08:17:50] "GET /api/portfolio HTTP/1.1" 200 -
2026-05-30 08:17:50 | DEBUG    | backend.portfolio.tracker | ✓ Found SILVERBEES in Holdings: 79 free + 0 pledged + 0 T1 = 79 units
2026-05-30 08:17:50 | DEBUG    | backend.portfolio.tracker | 📊 SILVERBEES: 79 units (Holdings only)
2026-05-30 08:17:50 | DEBUG    | backend.portfolio.tracker | ✓ SILVERBEES avg from HOLDINGS: ₹251.45
2026-05-30 08:17:50 | DEBUG    | backend.portfolio.tracker | ✓ Found EMBASSY-RR in Holdings: 0 free + 0 pledged + 47 T1 = 47 units
2026-05-30 08:17:50 | DEBUG    | backend.portfolio.tracker | 📊 EMBASSY-RR: 47 units (Holdings only)
2026-05-30 08:17:50 | DEBUG    | backend.portfolio.tracker | ✓ EMBASSY-RR avg from HOLDINGS: ₹425.39
2026-05-30 08:17:50 | DEBUG    | urllib3.connectionpool | https://kite.zerodha.com:443 "GET /oms/portfolio/holdings HTTP/11" 403 None
2026-05-30 08:17:50 | DEBUG    | backend.portfolio.tracker | Holdings temporarily unavailable (403) - Zerodha post-trade delay, retaining cached data
2026-05-30 08:17:50 | ERROR    | backend.portfolio.tracker | Failed to fetch holdings
2026-05-30 08:17:50 | INFO     | frontend.routes      | Portfolio resynced via /api/wake
2026-05-30 08:17:50 | WARNING  | frontend.routes      | /api/wake: WS stale 34s — forcing reconnect
2026-05-30 08:17:50 | DEBUG    | backend.portfolio.tracker | ✓ MID150BEES avg from HOLDINGS: ₹226.02
2026-05-30 08:17:50 | INFO     | backend.data.realtime | Initializing WebSocket connection...
2026-05-30 08:17:50 | DEBUG    | backend.portfolio.tracker | ✓ MID150BEES avg from HOLDINGS: ₹226.02
2026-05-30 08:17:50 | INFO     | werkzeug             | 127.0.0.1 - - [30/May/2026 08:17:50] "GET /api/market HTTP/1.1" 200 -
2026-05-30 08:17:50 | DEBUG    | urllib3.connectionpool | Starting new HTTPS connection (1): api.kite.trade:443
2026-05-30 08:17:50 | DEBUG    | backend.portfolio.tracker | ✓ Found MID150BEES in Holdings: 244 free + 0 pledged + 0 T1 = 244 units
2026-05-30 08:17:50 | DEBUG    | backend.portfolio.tracker | 📊 MID150BEES: 244 units (Holdings only)
2026-05-30 08:17:50 | DEBUG    | backend.portfolio.tracker | ✓ MID150BEES avg from HOLDINGS: ₹226.02
2026-05-30 08:17:50 | INFO     | werkzeug             | 127.0.0.1 - - [30/May/2026 08:17:50] "GET /api/intraday/status HTTP/1.1" 200 -
2026-05-30 08:17:50 | DEBUG    | urllib3.connectionpool | https://api.kite.trade:443 "GET /instruments HTTP/11" 200 1656689
2026-05-30 08:17:50 | DEBUG    | urllib3.connectionpool | https://kite.zerodha.com:443 "GET /oms/portfolio/positions HTTP/11" 403 None
2026-05-30 08:17:50 | ERROR    | backend.portfolio.tracker | Positions fetch failed: 403
2026-05-30 08:17:50 | ERROR    | kiteconnect.ticker   | Connection closed: None - None
2026-05-30 08:17:50 | WARNING  | backend.data.realtime | 🔴 WebSocket closed: None - None
2026-05-30 08:17:50 | INFO     | backend.data.realtime | 🔄 WebSocket reconnect attempt 1(∞) in 10s...
2026-05-30 08:17:50 | DEBUG    | urllib3.connectionpool | https://kite.zerodha.com:443 "GET /oms/quote?i=NSE%3ANIFTY2660222100PE HTTP/11" 400 75
2026-05-30 08:17:50 | DEBUG    | urllib3.connectionpool | Starting new HTTPS connection (2): kite.zerodha.com:443
2026-05-30 08:17:50 | DEBUG    | urllib3.connectionpool | Starting new HTTPS connection (3): kite.zerodha.com:443
2026-05-30 08:17:50 | DEBUG    | urllib3.connectionpool | Starting new HTTPS connection (4): kite.zerodha.com:443
2026-05-30 08:17:50 | DEBUG    | urllib3.connectionpool | Starting new HTTPS connection (5): kite.zerodha.com:443
2026-05-30 08:17:50 | DEBUG    | urllib3.connectionpool | https://kite.zerodha.com:443 "GET /oms/quote?i=NSE%3ANIFTY2660225650CE HTTP/11" 400 75
2026-05-30 08:17:50 | DEBUG    | urllib3.connectionpool | https://kite.zerodha.com:443 "GET /oms/quote?i=NSE%3ANIFTY2660225700CE HTTP/11" 400 75
2026-05-30 08:17:50 | INFO     | werkzeug             | 127.0.0.1 - - [30/May/2026 08:17:50] "GET /api/positions HTTP/1.1" 200 -
2026-05-30 08:17:50 | DEBUG    | urllib3.connectionpool | https://kite.zerodha.com:443 "GET /oms/quote?i=NSE%3A5821185 HTTP/11" 400 75
2026-05-30 08:17:50 | DEBUG    | frontend.routes      | Depth REST fallback failed for MON100: key=NSE:5821185 status=no-token
2026-05-30 08:17:50 | INFO     | werkzeug             | 127.0.0.1 - - [30/May/2026 08:17:50] "GET /api/depth/MON100 HTTP/1.1" 200 -
2026-05-30 08:17:50 | DEBUG    | urllib3.connectionpool | https://kite.zerodha.com:443 "GET /oms/quote?i=NSE%3A3693569 HTTP/11" 400 75
2026-05-30 08:17:50 | DEBUG    | frontend.routes      | Depth REST fallback failed for GOLDBEES: key=NSE:3693569 status=no-token
2026-05-30 08:17:50 | INFO     | werkzeug             | 127.0.0.1 - - [30/May/2026 08:17:50] "GET /api/depth/GOLDBEES HTTP/1.1" 200 -
2026-05-30 08:17:50 | DEBUG    | urllib3.connectionpool | https://kite.zerodha.com:443 "GET /oms/quote?i=NSE%3A2800385 HTTP/11" 400 75
2026-05-30 08:17:50 | DEBUG    | urllib3.connectionpool | https://kite.zerodha.com:443 "GET /oms/quote?i=NSE%3A2068481 HTTP/11" 400 75
2026-05-30 08:17:50 | DEBUG    | frontend.routes      | Depth REST fallback failed for SILVERBEES: key=NSE:2068481 status=no-token
2026-05-30 08:17:50 | DEBUG    | frontend.routes      | Depth REST fallback failed for JUNIORBEES: key=NSE:2800385 status=no-token
2026-05-30 08:17:50 | INFO     | werkzeug             | 127.0.0.1 - - [30/May/2026 08:17:50] "GET /api/depth/SILVERBEES HTTP/1.1" 200 -
2026-05-30 08:17:50 | INFO     | werkzeug             | 127.0.0.1 - - [30/May/2026 08:17:50] "GET /api/depth/JUNIORBEES HTTP/1.1" 200 -
2026-05-30 08:17:51 | DEBUG    | urllib3.connectionpool | https://kite.zerodha.com:443 "GET /oms/quote?i=NSE%3A4680705 HTTP/11" 400 75
2026-05-30 08:17:51 | DEBUG    | urllib3.connectionpool | https://kite.zerodha.com:443 "GET /oms/quote?i=NSE%3A2928385 HTTP/11" 400 75
2026-05-30 08:17:51 | DEBUG    | frontend.routes      | Depth REST fallback failed for HNGSNGBEES: key=NSE:4680705 status=no-token
2026-05-30 08:17:51 | DEBUG    | urllib3.connectionpool | https://kite.zerodha.com:443 "GET /oms/quote?i=NSE%3A5710849 HTTP/11" 400 75
2026-05-30 08:17:51 | DEBUG    | frontend.routes      | Depth REST fallback failed for BANKBEES: key=NSE:2928385 status=no-token
2026-05-30 08:17:51 | INFO     | werkzeug             | 127.0.0.1 - - [30/May/2026 08:17:51] "GET /api/depth/HNGSNGBEES HTTP/1.1" 200 -
2026-05-30 08:17:51 | DEBUG    | urllib3.connectionpool | https://kite.zerodha.com:443 "GET /oms/quote?i=NSE%3A2402049 HTTP/11" 400 75
2026-05-30 08:17:51 | DEBUG    | frontend.routes      | Depth REST fallback failed for MINDSPACE-RR: key=NSE:5710849 status=no-token
2026-05-30 08:17:51 | INFO     | werkzeug             | 127.0.0.1 - - [30/May/2026 08:17:51] "GET /api/depth/BANKBEES HTTP/1.1" 200 -
2026-05-30 08:17:51 | DEBUG    | frontend.routes      | Depth REST fallback failed for EMBASSY-RR: key=NSE:2402049 status=no-token
2026-05-30 08:17:51 | INFO     | werkzeug             | 127.0.0.1 - - [30/May/2026 08:17:51] "GET /api/depth/MINDSPACE-RR HTTP/1.1" 200 -
2026-05-30 08:17:51 | INFO     | werkzeug             | 127.0.0.1 - - [30/May/2026 08:17:51] "GET /api/depth/EMBASSY-RR HTTP/1.1" 200 -
2026-05-30 08:17:51 | INFO     | backend.data.realtime | ✓ Instruments CSV from https://api.kite.trade/instruments (120943 rows)
2026-05-30 08:17:51 | INFO     | backend.data.realtime | Looking up tokens for: MON100, GOLDBEES, SILVERBEES, JUNIORBEES, MINDSPACE-RR, EMBASSY-RR, BANKBEES, HNGSNGBEES, MID150BEES, LIQUIDCASE
2026-05-30 08:17:51 | INFO     | backend.data.realtime | ✓ MON100: token 5821185 (segment=NSE)
2026-05-30 08:17:51 | INFO     | backend.data.realtime | ✓ GOLDBEES: token 3693569 (segment=NSE)
2026-05-30 08:17:51 | INFO     | backend.data.realtime | ✓ SILVERBEES: token 2068481 (segment=NSE)
2026-05-30 08:17:51 | INFO     | backend.data.realtime | ✓ JUNIORBEES: token 2800385 (segment=NSE)
2026-05-30 08:17:51 | INFO     | backend.data.realtime | ✓ MINDSPACE-RR: token 5710849 (segment=NSE)
2026-05-30 08:17:51 | INFO     | backend.data.realtime | ✓ EMBASSY-RR: token 2402049 (segment=NSE)
2026-05-30 08:17:51 | INFO     | backend.data.realtime | ✓ BANKBEES: token 2928385 (segment=NSE)
2026-05-30 08:17:51 | INFO     | backend.data.realtime | ✓ HNGSNGBEES: token 4680705 (segment=NSE)
2026-05-30 08:17:51 | INFO     | backend.data.realtime | ✓ MID150BEES: token 2177537 (segment=NSE)
2026-05-30 08:17:51 | INFO     | backend.data.realtime | ✓ LIQUIDCASE: token 5568001 (segment=NSE)
2026-05-30 08:17:51 | INFO     | backend.data.realtime | ✓ Index NIFTY 50: token 256265
2026-05-30 08:17:52 | INFO     | backend.data.realtime | ✓ Index GIFT NIFTY: token 291849
2026-05-30 08:17:52 | INFO     | werkzeug             | 127.0.0.1 - - [30/May/2026 08:17:52] "GET /api/auth/status HTTP/1.1" 200 -
2026-05-30 08:17:52 | INFO     | backend.data.realtime | ✓ Index NIFTY MIDCAP 150: token 266249
2026-05-30 08:17:52 | INFO     | backend.data.realtime | ✓ Index INDIA VIX: token 264969
2026-05-30 08:17:52 | INFO     | backend.data.realtime | ✓ Token cache saved: 14 tokens → instrument_tokens.json
2026-05-30 08:17:52 | INFO     | backend.data.realtime | ✓ 14 instrument tokens ready
2026-05-30 08:17:52 | INFO     | backend.data.realtime | ✓ WebSocket initialized
2026-05-30 08:17:52 | INFO     | backend.data.realtime | Starting WebSocket connection...
2026-05-30 08:17:52 | INFO     | werkzeug             | 127.0.0.1 - - [30/May/2026 08:17:52] "POST /api/wake HTTP/1.1" 200 -
2026-05-30 08:17:52 | INFO     | werkzeug             | 127.0.0.1 - - [30/May/2026 08:17:52] "GET /api/auth/status HTTP/1.1" 200 -
2026-05-30 08:17:52 | INFO     | backend.data.realtime | ✓ WebSocket connected successfully
2026-05-30 08:17:52 | INFO     | backend.data.realtime | Subscribing to 14 instruments...
2026-05-30 08:17:52 | INFO     | backend.data.realtime | ✅ Subscribe called successfully
2026-05-30 08:17:52 | INFO     | backend.data.realtime | ✅ Set mode to FULL successfully
2026-05-30 08:17:52 | INFO     | backend.data.realtime | ✅ Subscribed to 14 instruments - waiting for ticks...
2026-05-30 08:17:52 | INFO     | backend.data.realtime | ✓ WebSocket connected and subscribed
2026-05-30 08:17:57 | INFO     | werkzeug             | 127.0.0.1 - - [30/May/2026 08:17:57] "GET /api/auth/status HTTP/1.1" 200 -
2026-05-30 08:17:57 | INFO     | werkzeug             | 127.0.0.1 - - [30/May/2026 08:17:57] "GET /api/auth/status HTTP/1.1" 200 -
2026-05-30 08:17:59 | INFO     | werkzeug             | 127.0.0.1 - - [30/May/2026 08:17:59] "GET /api/indices HTTP/1.1" 200 -
2026-05-30 08:18:00 | DEBUG    | urllib3.connectionpool | https://kite.zerodha.com:443 "GET /oms/orders HTTP/11" 403 None
2026-05-30 08:18:00 | DEBUG    | frontend.routes      | Orders endpoint temporarily unavailable (403) - Zerodha post-trade delay
2026-05-30 08:18:00 | INFO     | werkzeug             | 127.0.0.1 - - [30/May/2026 08:18:00] "GET /api/transactions HTTP/1.1" 200 -
2026-05-30 08:18:02 | INFO     | werkzeug             | 127.0.0.1 - - [30/May/2026 08:18:02] "GET /api/auth/status HTTP/1.1" 200 -
2026-05-30 08:18:02 | INFO     | werkzeug             | 127.0.0.1 - - [30/May/2026 08:18:02] "GET /api/auth/status HTTP/1.1" 200 -
2026-05-30 08:18:03 | INFO     | backend.portfolio.tracker | Syncing portfolio with Zerodha...
2026-05-30 08:18:03 | DEBUG    | urllib3.connectionpool | https://kite.zerodha.com:443 "GET /oms/portfolio/holdings HTTP/11" 403 None
2026-05-30 08:18:03 | DEBUG    | backend.portfolio.tracker | Holdings temporarily unavailable (403) - Zerodha post-trade delay, retaining cached data
2026-05-30 08:18:03 | ERROR    | backend.portfolio.tracker | Failed to fetch holdings
2026-05-30 08:18:03 | INFO     | frontend.routes      | Portfolio resynced via /api/wake
2026-05-30 08:18:03 | INFO     | werkzeug             | 127.0.0.1 - - [30/May/2026 08:18:03] "POST /api/wake HTTP/1.1" 200 -
2026-05-30 08:18:03 | INFO     | werkzeug             | 127.0.0.1 - - [30/May/2026 08:18:03] "GET /api/indices HTTP/1.1" 200 -
2026-05-30 08:18:03 | INFO     | werkzeug             | 127.0.0.1 - - [30/May/2026 08:18:03] "GET /api/status HTTP/1.1" 200 -
2026-05-30 08:18:03 | DEBUG    | backend.portfolio.tracker | ✓ Found SILVERBEES in Holdings: 79 free + 0 pledged + 0 T1 = 79 units
2026-05-30 08:18:03 | DEBUG    | backend.portfolio.tracker | 📊 SILVERBEES: 79 units (Holdings only)
2026-05-30 08:18:03 | DEBUG    | backend.portfolio.tracker | ✓ SILVERBEES avg from HOLDINGS: ₹251.45
2026-05-30 08:18:03 | DEBUG    | backend.portfolio.tracker | ✓ Found MID150BEES in Holdings: 244 free + 0 pledged + 0 T1 = 244 units
2026-05-30 08:18:03 | DEBUG    | backend.portfolio.tracker | 📊 MID150BEES: 244 units (Holdings only)
2026-05-30 08:18:03 | DEBUG    | backend.portfolio.tracker | ✓ MID150BEES avg from HOLDINGS: ₹226.02
2026-05-30 08:18:03 | DEBUG    | backend.portfolio.tracker | ✓ Found EMBASSY-RR in Holdings: 0 free + 0 pledged + 47 T1 = 47 units
2026-05-30 08:18:03 | DEBUG    | backend.portfolio.tracker | 📊 EMBASSY-RR: 47 units (Holdings only)
2026-05-30 08:18:03 | DEBUG    | backend.portfolio.tracker | ✓ EMBASSY-RR avg from HOLDINGS: ₹425.39
2026-05-30 08:18:03 | INFO     | werkzeug             | 127.0.0.1 - - [30/May/2026 08:18:03] "GET /api/portfolio HTTP/1.1" 200 -
2026-05-30 08:18:03 | DEBUG    | backend.portfolio.tracker | ✓ Found SILVERBEES in Holdings: 79 free + 0 pledged + 0 T1 = 79 units
2026-05-30 08:18:03 | DEBUG    | backend.portfolio.tracker | 📊 SILVERBEES: 79 units (Holdings only)
2026-05-30 08:18:03 | DEBUG    | backend.portfolio.tracker | ✓ SILVERBEES avg from HOLDINGS: ₹251.45
2026-05-30 08:18:03 | DEBUG    | backend.portfolio.tracker | ✓ Found EMBASSY-RR in Holdings: 0 free + 0 pledged + 47 T1 = 47 units
2026-05-30 08:18:03 | DEBUG    | backend.portfolio.tracker | 📊 EMBASSY-RR: 47 units (Holdings only)
2026-05-30 08:18:03 | DEBUG    | backend.portfolio.tracker | ✓ EMBASSY-RR avg from HOLDINGS: ₹425.39
2026-05-30 08:18:03 | INFO     | werkzeug             | 127.0.0.1 - - [30/May/2026 08:18:03] "GET /api/market HTTP/1.1" 200 -
2026-05-30 08:18:03 | DEBUG    | urllib3.connectionpool | https://kite.zerodha.com:443 "GET /oms/portfolio/positions HTTP/11" 403 None
2026-05-30 08:18:03 | ERROR    | backend.portfolio.tracker | Positions fetch failed: 403
2026-05-30 08:18:03 | DEBUG    | backend.portfolio.tracker | ✓ MID150BEES avg from HOLDINGS: ₹226.02
2026-05-30 08:18:03 | INFO     | werkzeug             | 127.0.0.1 - - [30/May/2026 08:18:03] "GET /api/intraday/status HTTP/1.1" 200 -
2026-05-30 08:18:03 | DEBUG    | urllib3.connectionpool | https://kite.zerodha.com:443 "GET /oms/quote?i=NSE%3ANIFTY2660222100PE HTTP/11" 400 75
2026-05-30 08:18:03 | DEBUG    | urllib3.connectionpool | https://kite.zerodha.com:443 "GET /oms/quote?i=NSE%3ANIFTY2660225650CE HTTP/11" 400 75
2026-05-30 08:18:03 | DEBUG    | urllib3.connectionpool | https://kite.zerodha.com:443 "GET /oms/quote?i=NSE%3ANIFTY2660225700CE HTTP/11" 400 75
2026-05-30 08:18:03 | INFO     | werkzeug             | 127.0.0.1 - - [30/May/2026 08:18:03] "GET /api/positions HTTP/1.1" 200 -
2026-05-30 08:18:03 | DEBUG    | urllib3.connectionpool | https://kite.zerodha.com:443 "GET /oms/quote?i=NSE%3A5821185 HTTP/11" 400 75
2026-05-30 08:18:03 | DEBUG    | frontend.routes      | Depth REST fallback failed for MON100: key=NSE:5821185 status=no-token
2026-05-30 08:18:03 | INFO     | werkzeug             | 127.0.0.1 - - [30/May/2026 08:18:03] "GET /api/depth/MON100 HTTP/1.1" 200 -
2026-05-30 08:18:03 | DEBUG    | urllib3.connectionpool | https://kite.zerodha.com:443 "GET /oms/quote?i=NSE%3A3693569 HTTP/11" 400 75
2026-05-30 08:18:03 | DEBUG    | urllib3.connectionpool | https://kite.zerodha.com:443 "GET /oms/quote?i=NSE%3A2800385 HTTP/11" 400 75
2026-05-30 08:18:03 | DEBUG    | frontend.routes      | Depth REST fallback failed for GOLDBEES: key=NSE:3693569 status=no-token
2026-05-30 08:18:03 | DEBUG    | frontend.routes      | Depth REST fallback failed for JUNIORBEES: key=NSE:2800385 status=no-token
2026-05-30 08:18:03 | INFO     | werkzeug             | 127.0.0.1 - - [30/May/2026 08:18:03] "GET /api/depth/GOLDBEES HTTP/1.1" 200 -
2026-05-30 08:18:03 | INFO     | werkzeug             | 127.0.0.1 - - [30/May/2026 08:18:03] "GET /api/depth/JUNIORBEES HTTP/1.1" 200 -
2026-05-30 08:18:03 | DEBUG    | urllib3.connectionpool | https://kite.zerodha.com:443 "GET /oms/quote?i=NSE%3A5710849 HTTP/11" 400 75
2026-05-30 08:18:03 | DEBUG    | urllib3.connectionpool | https://kite.zerodha.com:443 "GET /oms/quote?i=NSE%3A2068481 HTTP/11" 400 75
2026-05-30 08:18:03 | DEBUG    | frontend.routes      | Depth REST fallback failed for MINDSPACE-RR: key=NSE:5710849 status=no-token
2026-05-30 08:18:03 | DEBUG    | frontend.routes      | Depth REST fallback failed for SILVERBEES: key=NSE:2068481 status=no-token
2026-05-30 08:18:03 | INFO     | werkzeug             | 127.0.0.1 - - [30/May/2026 08:18:03] "GET /api/depth/MINDSPACE-RR HTTP/1.1" 200 -
2026-05-30 08:18:03 | INFO     | werkzeug             | 127.0.0.1 - - [30/May/2026 08:18:03] "GET /api/depth/SILVERBEES HTTP/1.1" 200 -
2026-05-30 08:18:04 | DEBUG    | urllib3.connectionpool | https://kite.zerodha.com:443 "GET /oms/quote?i=NSE%3A2402049 HTTP/11" 400 75
2026-05-30 08:18:04 | DEBUG    | frontend.routes      | Depth REST fallback failed for EMBASSY-RR: key=NSE:2402049 status=no-token
2026-05-30 08:18:04 | INFO     | werkzeug             | 127.0.0.1 - - [30/May/2026 08:18:04] "GET /api/depth/EMBASSY-RR HTTP/1.1" 200 -
2026-05-30 08:18:04 | DEBUG    | urllib3.connectionpool | https://kite.zerodha.com:443 "GET /oms/quote?i=NSE%3A2928385 HTTP/11" 400 75
2026-05-30 08:18:04 | DEBUG    | frontend.routes      | Depth REST fallback failed for BANKBEES: key=NSE:2928385 status=no-token
2026-05-30 08:18:04 | INFO     | werkzeug             | 127.0.0.1 - - [30/May/2026 08:18:04] "GET /api/depth/BANKBEES HTTP/1.1" 200 -
2026-05-30 08:18:04 | DEBUG    | urllib3.connectionpool | https://kite.zerodha.com:443 "GET /oms/quote?i=NSE%3A4680705 HTTP/11" 400 75
2026-05-30 08:18:04 | DEBUG    | frontend.routes      | Depth REST fallback failed for HNGSNGBEES: key=NSE:4680705 status=no-token
2026-05-30 08:18:04 | INFO     | werkzeug             | 127.0.0.1 - - [30/May/2026 08:18:04] "GET /api/depth/HNGSNGBEES HTTP/1.1" 200 -
2026-05-30 08:18:05 | DEBUG    | backend.portfolio.tracker | ✓ MID150BEES avg from HOLDINGS: ₹226.02
2026-05-30 08:18:05 | DEBUG    | backend.portfolio.tracker | ✓ Found MID150BEES in Holdings: 244 free + 0 pledged + 0 T1 = 244 units
2026-05-30 08:18:05 | DEBUG    | backend.portfolio.tracker | 📊 MID150BEES: 244 units (Holdings only)
2026-05-30 08:18:05 | DEBUG    | backend.portfolio.tracker | ✓ MID150BEES avg from HOLDINGS: ₹226.02
2026-05-30 08:18:07 | INFO     | werkzeug             | 127.0.0.1 - - [30/May/2026 08:18:07] "GET /api/auth/status HTTP/1.1" 200 -
2026-05-30 08:18:07 | INFO     | werkzeug             | 127.0.0.1 - - [30/May/2026 08:18:07] "GET /api/auth/status HTTP/1.1" 200 -
2026-05-30 08:18:11 | INFO     | werkzeug             | 127.0.0.1 - - [30/May/2026 08:18:11] "GET /api/auth/status HTTP/1.1" 200 -
2026-05-30 08:18:12 | INFO     | werkzeug             | 127.0.0.1 - - [30/May/2026 08:18:12] "GET /api/auth/status HTTP/1.1" 200 -
2026-05-30 08:18:14 | INFO     | werkzeug             | 127.0.0.1 - - [30/May/2026 08:18:14] "GET /api/indices HTTP/1.1" 200 -
2026-05-30 08:18:14 | DEBUG    | urllib3.connectionpool | https://kite.zerodha.com:443 "GET /oms/orders HTTP/11" 403 None
2026-05-30 08:18:14 | DEBUG    | frontend.routes      | Orders endpoint temporarily unavailable (403) - Zerodha post-trade delay
2026-05-30 08:18:14 | INFO     | werkzeug             | 127.0.0.1 - - [30/May/2026 08:18:14] "GET /api/transactions HTTP/1.1" 200 -
2026-05-30 08:18:16 | INFO     | werkzeug             | 127.0.0.1 - - [30/May/2026 08:18:16] "GET /api/auth/status HTTP/1.1" 200 -
2026-05-30 08:18:17 | INFO     | werkzeug             | 127.0.0.1 - - [30/May/2026 08:18:17] "GET /api/auth/status HTTP/1.1" 200 -
2026-05-30 08:18:19 | INFO     | werkzeug             | 127.0.0.1 - - [30/May/2026 08:18:19] "GET /api/status HTTP/1.1" 200 -
2026-05-30 08:18:19 | DEBUG    | backend.portfolio.tracker | ✓ Found SILVERBEES in Holdings: 79 free + 0 pledged + 0 T1 = 79 units
2026-05-30 08:18:19 | DEBUG    | backend.portfolio.tracker | 📊 SILVERBEES: 79 units (Holdings only)
2026-05-30 08:18:19 | DEBUG    | backend.portfolio.tracker | ✓ SILVERBEES avg from HOLDINGS: ₹251.45
2026-05-30 08:18:19 | DEBUG    | backend.portfolio.tracker | ✓ Found MID150BEES in Holdings: 244 free + 0 pledged + 0 T1 = 244 units
2026-05-30 08:18:19 | DEBUG    | backend.portfolio.tracker | 📊 MID150BEES: 244 units (Holdings only)
2026-05-30 08:18:19 | DEBUG    | backend.portfolio.tracker | ✓ MID150BEES avg from HOLDINGS: ₹226.02
2026-05-30 08:18:19 | DEBUG    | backend.portfolio.tracker | ✓ Found EMBASSY-RR in Holdings: 0 free + 0 pledged + 47 T1 = 47 units
2026-05-30 08:18:19 | DEBUG    | backend.portfolio.tracker | 📊 EMBASSY-RR: 47 units (Holdings only)
2026-05-30 08:18:19 | DEBUG    | backend.portfolio.tracker | ✓ EMBASSY-RR avg from HOLDINGS: ₹425.39
2026-05-30 08:18:19 | INFO     | werkzeug             | 127.0.0.1 - - [30/May/2026 08:18:19] "GET /api/portfolio HTTP/1.1" 200 -
2026-05-30 08:18:19 | DEBUG    | backend.portfolio.tracker | ✓ Found SILVERBEES in Holdings: 79 free + 0 pledged + 0 T1 = 79 units
2026-05-30 08:18:19 | DEBUG    | backend.portfolio.tracker | 📊 SILVERBEES: 79 units (Holdings only)
2026-05-30 08:18:19 | DEBUG    | backend.portfolio.tracker | ✓ SILVERBEES avg from HOLDINGS: ₹251.45
2026-05-30 08:18:19 | DEBUG    | backend.portfolio.tracker | ✓ Found EMBASSY-RR in Holdings: 0 free + 0 pledged + 47 T1 = 47 units
2026-05-30 08:18:19 | DEBUG    | backend.portfolio.tracker | 📊 EMBASSY-RR: 47 units (Holdings only)
2026-05-30 08:18:19 | DEBUG    | backend.portfolio.tracker | ✓ EMBASSY-RR avg from HOLDINGS: ₹425.39
2026-05-30 08:18:19 | INFO     | werkzeug             | 127.0.0.1 - - [30/May/2026 08:18:19] "GET /api/market HTTP/1.1" 200 -
2026-05-30 08:18:19 | DEBUG    | urllib3.connectionpool | https://kite.zerodha.com:443 "GET /oms/portfolio/positions HTTP/11" 403 None
2026-05-30 08:18:19 | ERROR    | backend.portfolio.tracker | Positions fetch failed: 403
2026-05-30 08:18:19 | DEBUG    | urllib3.connectionpool | https://kite.zerodha.com:443 "GET /oms/quote?i=NSE%3ANIFTY2660222100PE HTTP/11" 400 75
2026-05-30 08:18:19 | DEBUG    | urllib3.connectionpool | https://kite.zerodha.com:443 "GET /oms/quote?i=NSE%3ANIFTY2660225650CE HTTP/11" 400 75
2026-05-30 08:18:19 | DEBUG    | urllib3.connectionpool | https://kite.zerodha.com:443 "GET /oms/quote?i=NSE%3ANIFTY2660225700CE HTTP/11" 400 75
2026-05-30 08:18:19 | INFO     | werkzeug             | 127.0.0.1 - - [30/May/2026 08:18:19] "GET /api/positions HTTP/1.1" 200 -
2026-05-30 08:18:19 | DEBUG    | urllib3.connectionpool | https://kite.zerodha.com:443 "GET /oms/quote?i=NSE%3A5821185 HTTP/11" 400 75
2026-05-30 08:18:19 | DEBUG    | frontend.routes      | Depth REST fallback failed for MON100: key=NSE:5821185 status=no-token
2026-05-30 08:18:19 | INFO     | werkzeug             | 127.0.0.1 - - [30/May/2026 08:18:19] "GET /api/depth/MON100 HTTP/1.1" 200 -
2026-05-30 08:18:19 | DEBUG    | urllib3.connectionpool | https://kite.zerodha.com:443 "GET /oms/quote?i=NSE%3A5710849 HTTP/11" 400 75
2026-05-30 08:18:19 | DEBUG    | urllib3.connectionpool | https://kite.zerodha.com:443 "GET /oms/quote?i=NSE%3A2068481 HTTP/11" 400 75
2026-05-30 08:18:19 | DEBUG    | frontend.routes      | Depth REST fallback failed for MINDSPACE-RR: key=NSE:5710849 status=no-token
2026-05-30 08:18:19 | DEBUG    | frontend.routes      | Depth REST fallback failed for SILVERBEES: key=NSE:2068481 status=no-token
2026-05-30 08:18:19 | INFO     | werkzeug             | 127.0.0.1 - - [30/May/2026 08:18:19] "GET /api/depth/MINDSPACE-RR HTTP/1.1" 200 -
2026-05-30 08:18:19 | INFO     | werkzeug             | 127.0.0.1 - - [30/May/2026 08:18:19] "GET /api/depth/SILVERBEES HTTP/1.1" 200 -
2026-05-30 08:18:19 | DEBUG    | urllib3.connectionpool | https://kite.zerodha.com:443 "GET /oms/quote?i=NSE%3A2800385 HTTP/11" 400 75
2026-05-30 08:18:19 | DEBUG    | urllib3.connectionpool | https://kite.zerodha.com:443 "GET /oms/quote?i=NSE%3A3693569 HTTP/11" 400 75
2026-05-30 08:18:19 | DEBUG    | frontend.routes      | Depth REST fallback failed for JUNIORBEES: key=NSE:2800385 status=no-token
2026-05-30 08:18:19 | DEBUG    | frontend.routes      | Depth REST fallback failed for GOLDBEES: key=NSE:3693569 status=no-token
2026-05-30 08:18:19 | INFO     | werkzeug             | 127.0.0.1 - - [30/May/2026 08:18:19] "GET /api/depth/JUNIORBEES HTTP/1.1" 200 -
2026-05-30 08:18:19 | INFO     | werkzeug             | 127.0.0.1 - - [30/May/2026 08:18:19] "GET /api/depth/GOLDBEES HTTP/1.1" 200 -
2026-05-30 08:18:19 | DEBUG    | urllib3.connectionpool | https://kite.zerodha.com:443 "GET /oms/quote?i=NSE%3A2402049 HTTP/11" 400 75
2026-05-30 08:18:19 | DEBUG    | frontend.routes      | Depth REST fallback failed for EMBASSY-RR: key=NSE:2402049 status=no-token
2026-05-30 08:18:19 | INFO     | werkzeug             | 127.0.0.1 - - [30/May/2026 08:18:19] "GET /api/depth/EMBASSY-RR HTTP/1.1" 200 -
2026-05-30 08:18:19 | DEBUG    | urllib3.connectionpool | https://kite.zerodha.com:443 "GET /oms/quote?i=NSE%3A2928385 HTTP/11" 400 75
2026-05-30 08:18:19 | DEBUG    | frontend.routes      | Depth REST fallback failed for BANKBEES: key=NSE:2928385 status=no-token
2026-05-30 08:18:19 | INFO     | werkzeug             | 127.0.0.1 - - [30/May/2026 08:18:19] "GET /api/depth/BANKBEES HTTP/1.1" 200 -
2026-05-30 08:18:19 | DEBUG    | urllib3.connectionpool | https://kite.zerodha.com:443 "GET /oms/quote?i=NSE%3A4680705 HTTP/11" 400 75
2026-05-30 08:18:19 | DEBUG    | frontend.routes      | Depth REST fallback failed for HNGSNGBEES: key=NSE:4680705 status=no-token
2026-05-30 08:18:19 | INFO     | werkzeug             | 127.0.0.1 - - [30/May/2026 08:18:19] "GET /api/depth/HNGSNGBEES HTTP/1.1" 200 -
2026-05-30 08:18:20 | DEBUG    | backend.portfolio.tracker | ✓ MID150BEES avg from HOLDINGS: ₹226.02
2026-05-30 08:18:20 | DEBUG    | backend.portfolio.tracker | ✓ Found MID150BEES in Holdings: 244 free + 0 pledged + 0 T1 = 244 units
2026-05-30 08:18:20 | DEBUG    | backend.portfolio.tracker | 📊 MID150BEES: 244 units (Holdings only)
2026-05-30 08:18:20 | DEBUG    | backend.portfolio.tracker | ✓ MID150BEES avg from HOLDINGS: ₹226.02
2026-05-30 08:18:22 | INFO     | werkzeug             | 127.0.0.1 - - [30/May/2026 08:18:22] "GET /api/auth/status HTTP/1.1" 200 -
2026-05-30 08:18:22 | INFO     | werkzeug             | 127.0.0.1 - - [30/May/2026 08:18:22] "GET /api/auth/status HTTP/1.1" 200 -
2026-05-30 08:18:23 | INFO     | werkzeug             | 127.0.0.1 - - [30/May/2026 08:18:23] "GET /api/indices HTTP/1.1" 200 -
2026-05-30 08:18:24 | DEBUG    | urllib3.connectionpool | https://kite.zerodha.com:443 "GET /oms/orders HTTP/11" 403 None
2026-05-30 08:18:24 | DEBUG    | frontend.routes      | Orders endpoint temporarily unavailable (403) - Zerodha post-trade delay
2026-05-30 08:18:24 | INFO     | werkzeug             | 127.0.0.1 - - [30/May/2026 08:18:24] "GET /api/transactions HTTP/1.1" 200 -
2026-05-30 08:18:27 | INFO     | werkzeug             | 127.0.0.1 - - [30/May/2026 08:18:27] "GET /api/auth/status HTTP/1.1" 200 -
2026-05-30 08:18:27 | INFO     | werkzeug             | 127.0.0.1 - - [30/May/2026 08:18:27] "GET /api/auth/status HTTP/1.1" 200 -
2026-05-30 08:18:31 | INFO     | werkzeug             | 127.0.0.1 - - [30/May/2026 08:18:31] "GET /api/auth/status HTTP/1.1" 200 -
2026-05-30 08:18:32 | INFO     | werkzeug             | 127.0.0.1 - - [30/May/2026 08:18:32] "GET /api/auth/status HTTP/1.1" 200 -
2026-05-30 08:18:34 | INFO     | backend.portfolio.tracker | Syncing portfolio with Zerodha...
2026-05-30 08:18:34 | INFO     | werkzeug             | 127.0.0.1 - - [30/May/2026 08:18:34] "GET /api/indices HTTP/1.1" 200 -
2026-05-30 08:18:34 | INFO     | werkzeug             | 127.0.0.1 - - [30/May/2026 08:18:34] "GET /api/status HTTP/1.1" 200 -
2026-05-30 08:18:34 | DEBUG    | backend.portfolio.tracker | ✓ Found SILVERBEES in Holdings: 79 free + 0 pledged + 0 T1 = 79 units
2026-05-30 08:18:34 | DEBUG    | backend.portfolio.tracker | 📊 SILVERBEES: 79 units (Holdings only)
2026-05-30 08:18:34 | DEBUG    | backend.portfolio.tracker | ✓ SILVERBEES avg from HOLDINGS: ₹251.45
2026-05-30 08:18:34 | DEBUG    | backend.portfolio.tracker | ✓ Found MID150BEES in Holdings: 244 free + 0 pledged + 0 T1 = 244 units
2026-05-30 08:18:34 | DEBUG    | backend.portfolio.tracker | 📊 MID150BEES: 244 units (Holdings only)
2026-05-30 08:18:34 | DEBUG    | backend.portfolio.tracker | ✓ MID150BEES avg from HOLDINGS: ₹226.02
2026-05-30 08:18:34 | DEBUG    | backend.portfolio.tracker | ✓ Found EMBASSY-RR in Holdings: 0 free + 0 pledged + 47 T1 = 47 units
2026-05-30 08:18:34 | DEBUG    | backend.portfolio.tracker | 📊 EMBASSY-RR: 47 units (Holdings only)
2026-05-30 08:18:34 | DEBUG    | backend.portfolio.tracker | ✓ EMBASSY-RR avg from HOLDINGS: ₹425.39
2026-05-30 08:18:34 | INFO     | werkzeug             | 127.0.0.1 - - [30/May/2026 08:18:34] "GET /api/portfolio HTTP/1.1" 200 -
2026-05-30 08:18:34 | DEBUG    | backend.portfolio.tracker | ✓ Found SILVERBEES in Holdings: 79 free + 0 pledged + 0 T1 = 79 units
2026-05-30 08:18:34 | DEBUG    | backend.portfolio.tracker | 📊 SILVERBEES: 79 units (Holdings only)
2026-05-30 08:18:34 | DEBUG    | backend.portfolio.tracker | ✓ SILVERBEES avg from HOLDINGS: ₹251.45
2026-05-30 08:18:34 | DEBUG    | backend.portfolio.tracker | ✓ Found EMBASSY-RR in Holdings: 0 free + 0 pledged + 47 T1 = 47 units
2026-05-30 08:18:34 | DEBUG    | backend.portfolio.tracker | 📊 EMBASSY-RR: 47 units (Holdings only)
2026-05-30 08:18:34 | DEBUG    | backend.portfolio.tracker | ✓ EMBASSY-RR avg from HOLDINGS: ₹425.39
2026-05-30 08:18:34 | INFO     | werkzeug             | 127.0.0.1 - - [30/May/2026 08:18:34] "GET /api/market HTTP/1.1" 200 -
2026-05-30 08:18:34 | DEBUG    | urllib3.connectionpool | https://kite.zerodha.com:443 "GET /oms/portfolio/positions HTTP/11" 403 None
2026-05-30 08:18:34 | DEBUG    | urllib3.connectionpool | https://kite.zerodha.com:443 "GET /oms/portfolio/holdings HTTP/11" 403 None
2026-05-30 08:18:34 | ERROR    | backend.portfolio.tracker | Positions fetch failed: 403
2026-05-30 08:18:34 | DEBUG    | backend.portfolio.tracker | Holdings temporarily unavailable (403) - Zerodha post-trade delay, retaining cached data
2026-05-30 08:18:34 | ERROR    | backend.portfolio.tracker | Failed to fetch holdings
2026-05-30 08:18:34 | INFO     | frontend.routes      | Portfolio synced — changed=False
2026-05-30 08:18:34 | INFO     | werkzeug             | 127.0.0.1 - - [30/May/2026 08:18:34] "POST /api/portfolio/sync HTTP/1.1" 200 -
2026-05-30 08:18:34 | DEBUG    | urllib3.connectionpool | https://kite.zerodha.com:443 "GET /oms/quote?i=NSE%3ANIFTY2660222100PE HTTP/11" 400 75
2026-05-30 08:18:34 | DEBUG    | urllib3.connectionpool | https://kite.zerodha.com:443 "GET /oms/quote?i=NSE%3ANIFTY2660225650CE HTTP/11" 400 75
2026-05-30 08:18:34 | DEBUG    | urllib3.connectionpool | https://kite.zerodha.com:443 "GET /oms/quote?i=NSE%3ANIFTY2660225700CE HTTP/11" 400 75
2026-05-30 08:18:34 | INFO     | werkzeug             | 127.0.0.1 - - [30/May/2026 08:18:34] "GET /api/positions HTTP/1.1" 200 -
2026-05-30 08:18:34 | INFO     | werkzeug             | 127.0.0.1 - - [30/May/2026 08:18:34] "GET /api/config HTTP/1.1" 200 -
2026-05-30 08:18:34 | DEBUG    | urllib3.connectionpool | https://kite.zerodha.com:443 "GET /oms/orders HTTP/11" 403 None
2026-05-30 08:18:34 | DEBUG    | frontend.routes      | Orders endpoint temporarily unavailable (403) - Zerodha post-trade delay
2026-05-30 08:18:34 | INFO     | werkzeug             | 127.0.0.1 - - [30/May/2026 08:18:34] "GET /api/transactions HTTP/1.1" 200 -
2026-05-30 08:18:34 | INFO     | werkzeug             | 127.0.0.1 - - [30/May/2026 08:18:34] "GET /api/logs HTTP/1.1" 200 -
2026-05-30 08:18:34 | DEBUG    | urllib3.connectionpool | https://kite.zerodha.com:443 "GET /oms/quote?i=NSE%3A5821185 HTTP/11" 400 75
2026-05-30 08:18:34 | DEBUG    | frontend.routes      | Depth REST fallback failed for MON100: key=NSE:5821185 status=no-token
2026-05-30 08:18:34 | INFO     | werkzeug             | 127.0.0.1 - - [30/May/2026 08:18:34] "GET /api/depth/MON100 HTTP/1.1" 200 -
2026-05-30 08:18:34 | DEBUG    | urllib3.connectionpool | https://kite.zerodha.com:443 "GET /oms/quote?i=NSE%3A3693569 HTTP/11" 400 75
2026-05-30 08:18:34 | DEBUG    | frontend.routes      | Depth REST fallback failed for GOLDBEES: key=NSE:3693569 status=no-token
2026-05-30 08:18:34 | INFO     | werkzeug             | 127.0.0.1 - - [30/May/2026 08:18:34] "GET /api/depth/GOLDBEES HTTP/1.1" 200 -
2026-05-30 08:18:34 | DEBUG    | urllib3.connectionpool | https://kite.zerodha.com:443 "GET /oms/quote?i=NSE%3A2068481 HTTP/11" 400 75
2026-05-30 08:18:34 | DEBUG    | frontend.routes      | Depth REST fallback failed for SILVERBEES: key=NSE:2068481 status=no-token
2026-05-30 08:18:34 | INFO     | werkzeug             | 127.0.0.1 - - [30/May/2026 08:18:34] "GET /api/depth/SILVERBEES HTTP/1.1" 200 -
2026-05-30 08:18:34 | DEBUG    | urllib3.connectionpool | https://kite.zerodha.com:443 "GET /oms/quote?i=NSE%3A2800385 HTTP/11" 400 75
2026-05-30 08:18:34 | DEBUG    | frontend.routes      | Depth REST fallback failed for JUNIORBEES: key=NSE:2800385 status=no-token
2026-05-30 08:18:34 | INFO     | werkzeug             | 127.0.0.1 - - [30/May/2026 08:18:34] "GET /api/depth/JUNIORBEES HTTP/1.1" 200 -
2026-05-30 08:18:34 | DEBUG    | urllib3.connectionpool | https://kite.zerodha.com:443 "GET /oms/quote?i=NSE%3A5710849 HTTP/11" 400 75
2026-05-30 08:18:34 | DEBUG    | frontend.routes      | Depth REST fallback failed for MINDSPACE-RR: key=NSE:5710849 status=no-token
2026-05-30 08:18:34 | INFO     | werkzeug             | 127.0.0.1 - - [30/May/2026 08:18:34] "GET /api/depth/MINDSPACE-RR HTTP/1.1" 200 -
2026-05-30 08:18:34 | DEBUG    | urllib3.connectionpool | https://kite.zerodha.com:443 "GET /oms/quote?i=NSE%3A2402049 HTTP/11" 400 75
2026-05-30 08:18:34 | DEBUG    | frontend.routes      | Depth REST fallback failed for EMBASSY-RR: key=NSE:2402049 status=no-token
2026-05-30 08:18:34 | INFO     | werkzeug             | 127.0.0.1 - - [30/May/2026 08:18:34] "GET /api/depth/EMBASSY-RR HTTP/1.1" 200 -
2026-05-30 08:18:34 | DEBUG    | urllib3.connectionpool | https://kite.zerodha.com:443 "GET /oms/quote?i=NSE%3A2928385 HTTP/11" 400 75
2026-05-30 08:18:34 | DEBUG    | frontend.routes      | Depth REST fallback failed for BANKBEES: key=NSE:2928385 status=no-token
2026-05-30 08:18:34 | INFO     | werkzeug             | 127.0.0.1 - - [30/May/2026 08:18:34] "GET /api/depth/BANKBEES HTTP/1.1" 200 -
2026-05-30 08:18:34 | DEBUG    | urllib3.connectionpool | https://kite.zerodha.com:443 "GET /oms/quote?i=NSE%3A4680705 HTTP/11" 400 75
2026-05-30 08:18:34 | DEBUG    | frontend.routes      | Depth REST fallback failed for HNGSNGBEES: key=NSE:4680705 status=no-token
2026-05-30 08:18:34 | INFO     | werkzeug             | 127.0.0.1 - - [30/May/2026 08:18:34] "GET /api/depth/HNGSNGBEES HTTP/1.1" 200 -
2026-05-30 08:18:35 | DEBUG    | backend.portfolio.tracker | ✓ Found SILVERBEES in Holdings: 79 free + 0 pledged + 0 T1 = 79 units
2026-05-30 08:18:35 | DEBUG    | backend.portfolio.tracker | 📊 SILVERBEES: 79 units (Holdings only)
2026-05-30 08:18:35 | DEBUG    | backend.portfolio.tracker | ✓ SILVERBEES avg from HOLDINGS: ₹251.45
2026-05-30 08:18:35 | DEBUG    | backend.portfolio.tracker | ✓ Found MID150BEES in Holdings: 244 free + 0 pledged + 0 T1 = 244 units
2026-05-30 08:18:35 | DEBUG    | backend.portfolio.tracker | 📊 MID150BEES: 244 units (Holdings only)
2026-05-30 08:18:35 | DEBUG    | backend.portfolio.tracker | ✓ MID150BEES avg from HOLDINGS: ₹226.02
2026-05-30 08:18:35 | DEBUG    | backend.portfolio.tracker | ✓ Found EMBASSY-RR in Holdings: 0 free + 0 pledged + 47 T1 = 47 units
2026-05-30 08:18:35 | DEBUG    | backend.portfolio.tracker | 📊 EMBASSY-RR: 47 units (Holdings only)
2026-05-30 08:18:35 | DEBUG    | backend.portfolio.tracker | ✓ EMBASSY-RR avg from HOLDINGS: ₹425.39
2026-05-30 08:18:35 | INFO     | werkzeug             | 127.0.0.1 - - [30/May/2026 08:18:35] "GET /api/portfolio HTTP/1.1" 200 -
2026-05-30 08:18:35 | DEBUG    | backend.portfolio.tracker | ✓ MID150BEES avg from HOLDINGS: ₹226.02
2026-05-30 08:18:35 | DEBUG    | backend.portfolio.tracker | ✓ Found MID150BEES in Holdings: 244 free + 0 pledged + 0 T1 = 244 units
2026-05-30 08:18:35 | DEBUG    | backend.portfolio.tracker | 📊 MID150BEES: 244 units (Holdings only)
2026-05-30 08:18:35 | DEBUG    | backend.portfolio.tracker | ✓ MID150BEES avg from HOLDINGS: ₹226.02
2026-05-30 08:18:37 | INFO     | werkzeug             | 127.0.0.1 - - [30/May/2026 08:18:37] "GET /api/auth/status HTTP/1.1" 200 -
2026-05-30 08:18:37 | INFO     | werkzeug             | 127.0.0.1 - - [30/May/2026 08:18:37] "GET /api/auth/status HTTP/1.1" 200 -
2026-05-30 08:18:41 | INFO     | werkzeug             | 127.0.0.1 - - [30/May/2026 08:18:41] "GET /api/auth/status HTTP/1.1" 200 -
2026-05-30 08:18:42 | INFO     | werkzeug             | 127.0.0.1 - - [30/May/2026 08:18:42] "GET /api/auth/status HTTP/1.1" 200 -
2026-05-30 08:18:44 | INFO     | werkzeug             | 127.0.0.1 - - [30/May/2026 08:18:44] "GET /api/indices HTTP/1.1" 200 -
2026-05-30 08:18:44 | DEBUG    | urllib3.connectionpool | https://kite.zerodha.com:443 "GET /oms/orders HTTP/11" 403 None
2026-05-30 08:18:44 | DEBUG    | frontend.routes      | Orders endpoint temporarily unavailable (403) - Zerodha post-trade delay
2026-05-30 08:18:44 | INFO     | werkzeug             | 127.0.0.1 - - [30/May/2026 08:18:44] "GET /api/transactions HTTP/1.1" 200 -
2026-05-30 08:18:46 | INFO     | werkzeug             | 127.0.0.1 - - [30/May/2026 08:18:46] "GET /api/auth/status HTTP/1.1" 200 -
2026-05-30 08:18:47 | INFO     | werkzeug             | 127.0.0.1 - - [30/May/2026 08:18:47] "GET /api/auth/status HTTP/1.1" 200 -
2026-05-30 08:18:49 | INFO     | werkzeug             | 127.0.0.1 - - [30/May/2026 08:18:49] "GET /api/status HTTP/1.1" 200 -
2026-05-30 08:18:49 | DEBUG    | backend.portfolio.tracker | ✓ Found SILVERBEES in Holdings: 79 free + 0 pledged + 0 T1 = 79 units
2026-05-30 08:18:49 | DEBUG    | backend.portfolio.tracker | 📊 SILVERBEES: 79 units (Holdings only)
2026-05-30 08:18:49 | DEBUG    | backend.portfolio.tracker | ✓ SILVERBEES avg from HOLDINGS: ₹251.45
2026-05-30 08:18:49 | DEBUG    | backend.portfolio.tracker | ✓ Found MID150BEES in Holdings: 244 free + 0 pledged + 0 T1 = 244 units
2026-05-30 08:18:49 | DEBUG    | backend.portfolio.tracker | 📊 MID150BEES: 244 units (Holdings only)
2026-05-30 08:18:49 | DEBUG    | backend.portfolio.tracker | ✓ MID150BEES avg from HOLDINGS: ₹226.02
2026-05-30 08:18:49 | DEBUG    | backend.portfolio.tracker | ✓ Found EMBASSY-RR in Holdings: 0 free + 0 pledged + 47 T1 = 47 units
2026-05-30 08:18:49 | DEBUG    | backend.portfolio.tracker | 📊 EMBASSY-RR: 47 units (Holdings only)
2026-05-30 08:18:49 | DEBUG    | backend.portfolio.tracker | ✓ EMBASSY-RR avg from HOLDINGS: ₹425.39
2026-05-30 08:18:49 | INFO     | werkzeug             | 127.0.0.1 - - [30/May/2026 08:18:49] "GET /api/portfolio HTTP/1.1" 200 -
2026-05-30 08:18:49 | DEBUG    | backend.portfolio.tracker | ✓ Found SILVERBEES in Holdings: 79 free + 0 pledged + 0 T1 = 79 units
2026-05-30 08:18:49 | DEBUG    | backend.portfolio.tracker | 📊 SILVERBEES: 79 units (Holdings only)
2026-05-30 08:18:49 | DEBUG    | backend.portfolio.tracker | ✓ SILVERBEES avg from HOLDINGS: ₹251.45
2026-05-30 08:18:49 | DEBUG    | backend.portfolio.tracker | ✓ Found EMBASSY-RR in Holdings: 0 free + 0 pledged + 47 T1 = 47 units
2026-05-30 08:18:49 | DEBUG    | backend.portfolio.tracker | 📊 EMBASSY-RR: 47 units (Holdings only)
2026-05-30 08:18:49 | DEBUG    | backend.portfolio.tracker | ✓ EMBASSY-RR avg from HOLDINGS: ₹425.39
2026-05-30 08:18:49 | INFO     | werkzeug             | 127.0.0.1 - - [30/May/2026 08:18:49] "GET /api/market HTTP/1.1" 200 -
2026-05-30 08:18:49 | DEBUG    | urllib3.connectionpool | https://kite.zerodha.com:443 "GET /oms/portfolio/positions HTTP/11" 403 None
2026-05-30 08:18:49 | ERROR    | backend.portfolio.tracker | Positions fetch failed: 403
2026-05-30 08:18:49 | DEBUG    | urllib3.connectionpool | https://kite.zerodha.com:443 "GET /oms/quote?i=NSE%3ANIFTY2660222100PE HTTP/11" 400 75
2026-05-30 08:18:49 | DEBUG    | urllib3.connectionpool | https://kite.zerodha.com:443 "GET /oms/quote?i=NSE%3ANIFTY2660225650CE HTTP/11" 400 75
2026-05-30 08:18:49 | DEBUG    | urllib3.connectionpool | https://kite.zerodha.com:443 "GET /oms/quote?i=NSE%3ANIFTY2660225700CE HTTP/11" 400 75
2026-05-30 08:18:49 | INFO     | werkzeug             | 127.0.0.1 - - [30/May/2026 08:18:49] "GET /api/positions HTTP/1.1" 200 -
2026-05-30 08:18:49 | DEBUG    | urllib3.connectionpool | https://kite.zerodha.com:443 "GET /oms/quote?i=NSE%3A5821185 HTTP/11" 400 75
2026-05-30 08:18:49 | DEBUG    | frontend.routes      | Depth REST fallback failed for MON100: key=NSE:5821185 status=no-token
2026-05-30 08:18:49 | INFO     | werkzeug             | 127.0.0.1 - - [30/May/2026 08:18:49] "GET /api/depth/MON100 HTTP/1.1" 200 -
2026-05-30 08:18:49 | DEBUG    | urllib3.connectionpool | https://kite.zerodha.com:443 "GET /oms/quote?i=NSE%3A2800385 HTTP/11" 400 75
2026-05-30 08:18:49 | DEBUG    | frontend.routes      | Depth REST fallback failed for JUNIORBEES: key=NSE:2800385 status=no-token
2026-05-30 08:18:49 | INFO     | werkzeug             | 127.0.0.1 - - [30/May/2026 08:18:49] "GET /api/depth/JUNIORBEES HTTP/1.1" 200 -
2026-05-30 08:18:49 | DEBUG    | urllib3.connectionpool | https://kite.zerodha.com:443 "GET /oms/quote?i=NSE%3A2068481 HTTP/11" 400 75
2026-05-30 08:18:49 | DEBUG    | frontend.routes      | Depth REST fallback failed for SILVERBEES: key=NSE:2068481 status=no-token
2026-05-30 08:18:49 | INFO     | werkzeug             | 127.0.0.1 - - [30/May/2026 08:18:49] "GET /api/depth/SILVERBEES HTTP/1.1" 200 -
2026-05-30 08:18:49 | DEBUG    | urllib3.connectionpool | https://kite.zerodha.com:443 "GET /oms/quote?i=NSE%3A3693569 HTTP/11" 400 75
2026-05-30 08:18:49 | DEBUG    | frontend.routes      | Depth REST fallback failed for GOLDBEES: key=NSE:3693569 status=no-token
2026-05-30 08:18:49 | INFO     | werkzeug             | 127.0.0.1 - - [30/May/2026 08:18:49] "GET /api/depth/GOLDBEES HTTP/1.1" 200 -
2026-05-30 08:18:49 | DEBUG    | urllib3.connectionpool | https://kite.zerodha.com:443 "GET /oms/quote?i=NSE%3A5710849 HTTP/11" 400 75
2026-05-30 08:18:49 | DEBUG    | frontend.routes      | Depth REST fallback failed for MINDSPACE-RR: key=NSE:5710849 status=no-token
2026-05-30 08:18:49 | INFO     | werkzeug             | 127.0.0.1 - - [30/May/2026 08:18:49] "GET /api/depth/MINDSPACE-RR HTTP/1.1" 200 -
2026-05-30 08:18:49 | DEBUG    | urllib3.connectionpool | https://kite.zerodha.com:443 "GET /oms/quote?i=NSE%3A2402049 HTTP/11" 400 75
2026-05-30 08:18:49 | DEBUG    | frontend.routes      | Depth REST fallback failed for EMBASSY-RR: key=NSE:2402049 status=no-token
2026-05-30 08:18:49 | INFO     | werkzeug             | 127.0.0.1 - - [30/May/2026 08:18:49] "GET /api/depth/EMBASSY-RR HTTP/1.1" 200 -
2026-05-30 08:18:49 | DEBUG    | urllib3.connectionpool | https://kite.zerodha.com:443 "GET /oms/quote?i=NSE%3A2928385 HTTP/11" 400 75
2026-05-30 08:18:49 | DEBUG    | frontend.routes      | Depth REST fallback failed for BANKBEES: key=NSE:2928385 status=no-token
2026-05-30 08:18:49 | INFO     | werkzeug             | 127.0.0.1 - - [30/May/2026 08:18:49] "GET /api/depth/BANKBEES HTTP/1.1" 200 -
2026-05-30 08:18:49 | DEBUG    | urllib3.connectionpool | https://kite.zerodha.com:443 "GET /oms/quote?i=NSE%3A4680705 HTTP/11" 400 75
2026-05-30 08:18:49 | DEBUG    | frontend.routes      | Depth REST fallback failed for HNGSNGBEES: key=NSE:4680705 status=no-token
2026-05-30 08:18:49 | INFO     | werkzeug             | 127.0.0.1 - - [30/May/2026 08:18:49] "GET /api/depth/HNGSNGBEES HTTP/1.1" 200 -
2026-05-30 08:18:50 | DEBUG    | backend.portfolio.tracker | ✓ MID150BEES avg from HOLDINGS: ₹226.02
2026-05-30 08:18:50 | DEBUG    | backend.portfolio.tracker | ✓ Found MID150BEES in Holdings: 244 free + 0 pledged + 0 T1 = 244 units
2026-05-30 08:18:50 | DEBUG    | backend.portfolio.tracker | 📊 MID150BEES: 244 units (Holdings only)
2026-05-30 08:18:50 | DEBUG    | backend.portfolio.tracker | ✓ MID150BEES avg from HOLDINGS: ₹226.02
2026-05-30 08:18:52 | INFO     | werkzeug             | 127.0.0.1 - - [30/May/2026 08:18:52] "GET /api/auth/status HTTP/1.1" 200 -
2026-05-30 08:18:52 | INFO     | werkzeug             | 127.0.0.1 - - [30/May/2026 08:18:52] "GET /api/auth/status HTTP/1.1" 200 -
2026-05-30 08:18:53 | INFO     | werkzeug             | 127.0.0.1 - - [30/May/2026 08:18:53] "GET /api/indices HTTP/1.1" 200 -
2026-05-30 08:18:54 | DEBUG    | urllib3.connectionpool | https://kite.zerodha.com:443 "GET /oms/orders HTTP/11" 403 None
2026-05-30 08:18:54 | DEBUG    | frontend.routes      | Orders endpoint temporarily unavailable (403) - Zerodha post-trade delay
2026-05-30 08:18:54 | INFO     | werkzeug             | 127.0.0.1 - - [30/May/2026 08:18:54] "GET /api/transactions HTTP/1.1" 200 -
2026-05-30 08:18:57 | INFO     | werkzeug             | 127.0.0.1 - - [30/May/2026 08:18:57] "GET /api/auth/status HTTP/1.1" 200 -
2026-05-30 08:18:57 | INFO     | werkzeug             | 127.0.0.1 - - [30/May/2026 08:18:57] "GET /api/auth/status HTTP/1.1" 200 -
2026-05-30 08:19:01 | INFO     | werkzeug             | 127.0.0.1 - - [30/May/2026 08:19:01] "GET /api/auth/status HTTP/1.1" 200 -
2026-05-30 08:19:02 | INFO     | werkzeug             | 127.0.0.1 - - [30/May/2026 08:19:02] "GET /api/auth/status HTTP/1.1" 200 -
2026-05-30 08:19:04 | DEBUG    | backend.portfolio.tracker | ✓ Found SILVERBEES in Holdings: 79 free + 0 pledged + 0 T1 = 79 units
2026-05-30 08:19:04 | DEBUG    | backend.portfolio.tracker | 📊 SILVERBEES: 79 units (Holdings only)
2026-05-30 08:19:04 | INFO     | backend.portfolio.tracker | Syncing portfolio with Zerodha...
2026-05-30 08:19:04 | DEBUG    | backend.portfolio.tracker | ✓ SILVERBEES avg from HOLDINGS: ₹251.45
2026-05-30 08:19:04 | DEBUG    | backend.portfolio.tracker | ✓ Found MID150BEES in Holdings: 244 free + 0 pledged + 0 T1 = 244 units
2026-05-30 08:19:04 | DEBUG    | backend.portfolio.tracker | 📊 MID150BEES: 244 units (Holdings only)
2026-05-30 08:19:04 | DEBUG    | backend.portfolio.tracker | ✓ MID150BEES avg from HOLDINGS: ₹226.02
2026-05-30 08:19:04 | DEBUG    | backend.portfolio.tracker | ✓ Found EMBASSY-RR in Holdings: 0 free + 0 pledged + 47 T1 = 47 units
2026-05-30 08:19:04 | DEBUG    | backend.portfolio.tracker | 📊 EMBASSY-RR: 47 units (Holdings only)
2026-05-30 08:19:04 | DEBUG    | backend.portfolio.tracker | ✓ EMBASSY-RR avg from HOLDINGS: ₹425.39
2026-05-30 08:19:04 | INFO     | werkzeug             | 127.0.0.1 - - [30/May/2026 08:19:04] "GET /api/portfolio HTTP/1.1" 200 -
2026-05-30 08:19:04 | INFO     | werkzeug             | 127.0.0.1 - - [30/May/2026 08:19:04] "GET /api/status HTTP/1.1" 200 -
2026-05-30 08:19:04 | INFO     | werkzeug             | 127.0.0.1 - - [30/May/2026 08:19:04] "GET /api/indices HTTP/1.1" 200 -
2026-05-30 08:19:04 | DEBUG    | backend.portfolio.tracker | ✓ Found SILVERBEES in Holdings: 79 free + 0 pledged + 0 T1 = 79 units
2026-05-30 08:19:04 | DEBUG    | backend.portfolio.tracker | 📊 SILVERBEES: 79 units (Holdings only)
2026-05-30 08:19:04 | DEBUG    | backend.portfolio.tracker | ✓ SILVERBEES avg from HOLDINGS: ₹251.45
2026-05-30 08:19:04 | DEBUG    | backend.portfolio.tracker | ✓ Found EMBASSY-RR in Holdings: 0 free + 0 pledged + 47 T1 = 47 units
2026-05-30 08:19:04 | DEBUG    | backend.portfolio.tracker | 📊 EMBASSY-RR: 47 units (Holdings only)
2026-05-30 08:19:04 | DEBUG    | backend.portfolio.tracker | ✓ EMBASSY-RR avg from HOLDINGS: ₹425.39
2026-05-30 08:19:04 | INFO     | werkzeug             | 127.0.0.1 - - [30/May/2026 08:19:04] "GET /api/market HTTP/1.1" 200 -
2026-05-30 08:19:04 | DEBUG    | urllib3.connectionpool | https://kite.zerodha.com:443 "GET /oms/portfolio/positions HTTP/11" 403 None
2026-05-30 08:19:04 | ERROR    | backend.portfolio.tracker | Positions fetch failed: 403
2026-05-30 08:19:04 | DEBUG    | urllib3.connectionpool | https://kite.zerodha.com:443 "GET /oms/portfolio/holdings HTTP/11" 403 None
2026-05-30 08:19:04 | DEBUG    | backend.portfolio.tracker | Holdings temporarily unavailable (403) - Zerodha post-trade delay, retaining cached data
2026-05-30 08:19:04 | ERROR    | backend.portfolio.tracker | Failed to fetch holdings
2026-05-30 08:19:04 | INFO     | frontend.routes      | Portfolio synced — changed=False
2026-05-30 08:19:04 | INFO     | werkzeug             | 127.0.0.1 - - [30/May/2026 08:19:04] "POST /api/portfolio/sync HTTP/1.1" 200 -
2026-05-30 08:19:04 | DEBUG    | urllib3.connectionpool | https://kite.zerodha.com:443 "GET /oms/quote?i=NSE%3ANIFTY2660222100PE HTTP/11" 400 75
2026-05-30 08:19:04 | DEBUG    | urllib3.connectionpool | https://kite.zerodha.com:443 "GET /oms/quote?i=NSE%3ANIFTY2660225650CE HTTP/11" 400 75
2026-05-30 08:19:04 | DEBUG    | urllib3.connectionpool | https://kite.zerodha.com:443 "GET /oms/quote?i=NSE%3ANIFTY2660225700CE HTTP/11" 400 75
2026-05-30 08:19:04 | INFO     | werkzeug             | 127.0.0.1 - - [30/May/2026 08:19:04] "GET /api/positions HTTP/1.1" 200 -
2026-05-30 08:19:04 | INFO     | werkzeug             | 127.0.0.1 - - [30/May/2026 08:19:04] "GET /api/config HTTP/1.1" 200 -
2026-05-30 08:19:04 | INFO     | werkzeug             | 127.0.0.1 - - [30/May/2026 08:19:04] "GET /api/logs HTTP/1.1" 200 -
2026-05-30 08:19:04 | DEBUG    | urllib3.connectionpool | https://kite.zerodha.com:443 "GET /oms/orders HTTP/11" 403 None
2026-05-30 08:19:04 | DEBUG    | frontend.routes      | Orders endpoint temporarily unavailable (403) - Zerodha post-trade delay
2026-05-30 08:19:04 | INFO     | werkzeug             | 127.0.0.1 - - [30/May/2026 08:19:04] "GET /api/transactions HTTP/1.1" 200 -
2026-05-30 08:19:04 | DEBUG    | urllib3.connectionpool | https://kite.zerodha.com:443 "GET /oms/quote?i=NSE%3A5821185 HTTP/11" 400 75
2026-05-30 08:19:04 | DEBUG    | frontend.routes      | Depth REST fallback failed for MON100: key=NSE:5821185 status=no-token
2026-05-30 08:19:04 | INFO     | werkzeug             | 127.0.0.1 - - [30/May/2026 08:19:04] "GET /api/depth/MON100 HTTP/1.1" 200 -
2026-05-30 08:19:04 | DEBUG    | urllib3.connectionpool | https://kite.zerodha.com:443 "GET /oms/quote?i=NSE%3A3693569 HTTP/11" 400 75
2026-05-30 08:19:04 | DEBUG    | frontend.routes      | Depth REST fallback failed for GOLDBEES: key=NSE:3693569 status=no-token
2026-05-30 08:19:04 | INFO     | werkzeug             | 127.0.0.1 - - [30/May/2026 08:19:04] "GET /api/depth/GOLDBEES HTTP/1.1" 200 -
2026-05-30 08:19:04 | DEBUG    | urllib3.connectionpool | https://kite.zerodha.com:443 "GET /oms/quote?i=NSE%3A2068481 HTTP/11" 400 75
2026-05-30 08:19:04 | DEBUG    | frontend.routes      | Depth REST fallback failed for SILVERBEES: key=NSE:2068481 status=no-token
2026-05-30 08:19:04 | INFO     | werkzeug             | 127.0.0.1 - - [30/May/2026 08:19:04] "GET /api/depth/SILVERBEES HTTP/1.1" 200 -
2026-05-30 08:19:04 | DEBUG    | urllib3.connectionpool | https://kite.zerodha.com:443 "GET /oms/quote?i=NSE%3A2800385 HTTP/11" 400 75
2026-05-30 08:19:04 | DEBUG    | frontend.routes      | Depth REST fallback failed for JUNIORBEES: key=NSE:2800385 status=no-token
2026-05-30 08:19:04 | INFO     | werkzeug             | 127.0.0.1 - - [30/May/2026 08:19:04] "GET /api/depth/JUNIORBEES HTTP/1.1" 200 -
2026-05-30 08:19:04 | DEBUG    | urllib3.connectionpool | https://kite.zerodha.com:443 "GET /oms/quote?i=NSE%3A5710849 HTTP/11" 400 75
2026-05-30 08:19:04 | DEBUG    | frontend.routes      | Depth REST fallback failed for MINDSPACE-RR: key=NSE:5710849 status=no-token
2026-05-30 08:19:04 | INFO     | werkzeug             | 127.0.0.1 - - [30/May/2026 08:19:04] "GET /api/depth/MINDSPACE-RR HTTP/1.1" 200 -
2026-05-30 08:19:04 | DEBUG    | urllib3.connectionpool | https://kite.zerodha.com:443 "GET /oms/quote?i=NSE%3A2402049 HTTP/11" 400 75
2026-05-30 08:19:04 | DEBUG    | frontend.routes      | Depth REST fallback failed for EMBASSY-RR: key=NSE:2402049 status=no-token
2026-05-30 08:19:04 | INFO     | werkzeug             | 127.0.0.1 - - [30/May/2026 08:19:04] "GET /api/depth/EMBASSY-RR HTTP/1.1" 200 -
2026-05-30 08:19:04 | DEBUG    | urllib3.connectionpool | https://kite.zerodha.com:443 "GET /oms/quote?i=NSE%3A2928385 HTTP/11" 400 75
2026-05-30 08:19:04 | DEBUG    | frontend.routes      | Depth REST fallback failed for BANKBEES: key=NSE:2928385 status=no-token
2026-05-30 08:19:04 | DEBUG    | urllib3.connectionpool | https://kite.zerodha.com:443 "GET /oms/quote?i=NSE%3A4680705 HTTP/11" 400 75
2026-05-30 08:19:04 | INFO     | werkzeug             | 127.0.0.1 - - [30/May/2026 08:19:04] "GET /api/depth/BANKBEES HTTP/1.1" 200 -
2026-05-30 08:19:04 | DEBUG    | frontend.routes      | Depth REST fallback failed for HNGSNGBEES: key=NSE:4680705 status=no-token
2026-05-30 08:19:04 | INFO     | werkzeug             | 127.0.0.1 - - [30/May/2026 08:19:04] "GET /api/depth/HNGSNGBEES HTTP/1.1" 200 -
2026-05-30 08:19:05 | DEBUG    | backend.portfolio.tracker | ✓ Found SILVERBEES in Holdings: 79 free + 0 pledged + 0 T1 = 79 units
2026-05-30 08:19:05 | DEBUG    | backend.portfolio.tracker | 📊 SILVERBEES: 79 units (Holdings only)
2026-05-30 08:19:05 | DEBUG    | backend.portfolio.tracker | ✓ SILVERBEES avg from HOLDINGS: ₹251.45
2026-05-30 08:19:05 | DEBUG    | backend.portfolio.tracker | ✓ Found MID150BEES in Holdings: 244 free + 0 pledged + 0 T1 = 244 units
2026-05-30 08:19:05 | DEBUG    | backend.portfolio.tracker | 📊 MID150BEES: 244 units (Holdings only)
2026-05-30 08:19:05 | DEBUG    | backend.portfolio.tracker | ✓ MID150BEES avg from HOLDINGS: ₹226.02
2026-05-30 08:19:05 | DEBUG    | backend.portfolio.tracker | ✓ Found EMBASSY-RR in Holdings: 0 free + 0 pledged + 47 T1 = 47 units
2026-05-30 08:19:05 | DEBUG    | backend.portfolio.tracker | 📊 EMBASSY-RR: 47 units (Holdings only)
2026-05-30 08:19:05 | DEBUG    | backend.portfolio.tracker | ✓ EMBASSY-RR avg from HOLDINGS: ₹425.39
2026-05-30 08:19:05 | INFO     | werkzeug             | 127.0.0.1 - - [30/May/2026 08:19:05] "GET /api/portfolio HTTP/1.1" 200 -
2026-05-30 08:19:05 | DEBUG    | backend.portfolio.tracker | ✓ MID150BEES avg from HOLDINGS: ₹226.02
2026-05-30 08:19:05 | DEBUG    | backend.portfolio.tracker | ✓ Found MID150BEES in Holdings: 244 free + 0 pledged + 0 T1 = 244 units
2026-05-30 08:19:05 | DEBUG    | backend.portfolio.tracker | 📊 MID150BEES: 244 units (Holdings only)
2026-05-30 08:19:05 | DEBUG    | backend.portfolio.tracker | ✓ MID150BEES avg from HOLDINGS: ₹226.02
2026-05-30 08:19:19 | DEBUG    | backend.portfolio.tracker | ✓ Found SILVERBEES in Holdings: 79 free + 0 pledged + 0 T1 = 79 units
2026-05-30 08:19:19 | DEBUG    | backend.portfolio.tracker | 📊 SILVERBEES: 79 units (Holdings only)
2026-05-30 08:19:19 | INFO     | werkzeug             | 127.0.0.1 - - [30/May/2026 08:19:19] "GET /api/status HTTP/1.1" 200 -
2026-05-30 08:19:19 | DEBUG    | backend.portfolio.tracker | ✓ SILVERBEES avg from HOLDINGS: ₹251.45
2026-05-30 08:19:19 | DEBUG    | backend.portfolio.tracker | ✓ Found SILVERBEES in Holdings: 79 free + 0 pledged + 0 T1 = 79 units
2026-05-30 08:19:19 | DEBUG    | backend.portfolio.tracker | ✓ Found MID150BEES in Holdings: 244 free + 0 pledged + 0 T1 = 244 units
2026-05-30 08:19:19 | DEBUG    | backend.portfolio.tracker | 📊 MID150BEES: 244 units (Holdings only)
2026-05-30 08:19:19 | DEBUG    | backend.portfolio.tracker | ✓ MID150BEES avg from HOLDINGS: ₹226.02
2026-05-30 08:19:19 | DEBUG    | backend.portfolio.tracker | ✓ Found EMBASSY-RR in Holdings: 0 free + 0 pledged + 47 T1 = 47 units
2026-05-30 08:19:19 | DEBUG    | backend.portfolio.tracker | 📊 EMBASSY-RR: 47 units (Holdings only)
2026-05-30 08:19:19 | DEBUG    | backend.portfolio.tracker | 📊 SILVERBEES: 79 units (Holdings only)
2026-05-30 08:19:19 | DEBUG    | backend.portfolio.tracker | ✓ EMBASSY-RR avg from HOLDINGS: ₹425.39
2026-05-30 08:19:19 | DEBUG    | backend.portfolio.tracker | ✓ SILVERBEES avg from HOLDINGS: ₹251.45
2026-05-30 08:19:19 | INFO     | werkzeug             | 127.0.0.1 - - [30/May/2026 08:19:19] "GET /api/portfolio HTTP/1.1" 200 -
2026-05-30 08:19:19 | DEBUG    | backend.portfolio.tracker | ✓ Found EMBASSY-RR in Holdings: 0 free + 0 pledged + 47 T1 = 47 units
2026-05-30 08:19:19 | DEBUG    | backend.portfolio.tracker | 📊 EMBASSY-RR: 47 units (Holdings only)
2026-05-30 08:19:19 | DEBUG    | backend.portfolio.tracker | ✓ EMBASSY-RR avg from HOLDINGS: ₹425.39
2026-05-30 08:19:19 | INFO     | werkzeug             | 127.0.0.1 - - [30/May/2026 08:19:19] "GET /api/market HTTP/1.1" 200 -
2026-05-30 08:19:19 | DEBUG    | urllib3.connectionpool | https://kite.zerodha.com:443 "GET /oms/portfolio/positions HTTP/11" 403 None
2026-05-30 08:19:19 | ERROR    | backend.portfolio.tracker | Positions fetch failed: 403
2026-05-30 08:19:19 | DEBUG    | urllib3.connectionpool | https://kite.zerodha.com:443 "GET /oms/quote?i=NSE%3ANIFTY2660222100PE HTTP/11" 400 75
2026-05-30 08:19:19 | DEBUG    | urllib3.connectionpool | https://kite.zerodha.com:443 "GET /oms/quote?i=NSE%3ANIFTY2660225650CE HTTP/11" 400 75
2026-05-30 08:19:19 | DEBUG    | urllib3.connectionpool | https://kite.zerodha.com:443 "GET /oms/quote?i=NSE%3ANIFTY2660225700CE HTTP/11" 400 75
2026-05-30 08:19:19 | INFO     | werkzeug             | 127.0.0.1 - - [30/May/2026 08:19:19] "GET /api/positions HTTP/1.1" 200 -
2026-05-30 08:19:19 | DEBUG    | urllib3.connectionpool | https://kite.zerodha.com:443 "GET /oms/quote?i=NSE%3A5821185 HTTP/11" 400 75
2026-05-30 08:19:19 | DEBUG    | frontend.routes      | Depth REST fallback failed for MON100: key=NSE:5821185 status=no-token
2026-05-30 08:19:19 | INFO     | werkzeug             | 127.0.0.1 - - [30/May/2026 08:19:19] "GET /api/depth/MON100 HTTP/1.1" 200 -
2026-05-30 08:19:19 | DEBUG    | urllib3.connectionpool | https://kite.zerodha.com:443 "GET /oms/quote?i=NSE%3A2068481 HTTP/11" 400 75
2026-05-30 08:19:19 | DEBUG    | urllib3.connectionpool | https://kite.zerodha.com:443 "GET /oms/quote?i=NSE%3A5710849 HTTP/11" 400 75
2026-05-30 08:19:19 | DEBUG    | frontend.routes      | Depth REST fallback failed for SILVERBEES: key=NSE:2068481 status=no-token
2026-05-30 08:19:19 | DEBUG    | urllib3.connectionpool | https://kite.zerodha.com:443 "GET /oms/quote?i=NSE%3A3693569 HTTP/11" 400 75
2026-05-30 08:19:19 | DEBUG    | frontend.routes      | Depth REST fallback failed for MINDSPACE-RR: key=NSE:5710849 status=no-token
2026-05-30 08:19:19 | INFO     | werkzeug             | 127.0.0.1 - - [30/May/2026 08:19:19] "GET /api/depth/SILVERBEES HTTP/1.1" 200 -
2026-05-30 08:19:19 | DEBUG    | frontend.routes      | Depth REST fallback failed for GOLDBEES: key=NSE:3693569 status=no-token
2026-05-30 08:19:19 | INFO     | werkzeug             | 127.0.0.1 - - [30/May/2026 08:19:19] "GET /api/depth/MINDSPACE-RR HTTP/1.1" 200 -
2026-05-30 08:19:19 | INFO     | werkzeug             | 127.0.0.1 - - [30/May/2026 08:19:19] "GET /api/depth/GOLDBEES HTTP/1.1" 200 -
2026-05-30 08:19:19 | DEBUG    | urllib3.connectionpool | https://kite.zerodha.com:443 "GET /oms/quote?i=NSE%3A2800385 HTTP/11" 400 75
2026-05-30 08:19:19 | DEBUG    | frontend.routes      | Depth REST fallback failed for JUNIORBEES: key=NSE:2800385 status=no-token
2026-05-30 08:19:19 | INFO     | werkzeug             | 127.0.0.1 - - [30/May/2026 08:19:19] "GET /api/depth/JUNIORBEES HTTP/1.1" 200 -
2026-05-30 08:19:19 | DEBUG    | urllib3.connectionpool | https://kite.zerodha.com:443 "GET /oms/quote?i=NSE%3A2402049 HTTP/11" 400 75
2026-05-30 08:19:19 | DEBUG    | frontend.routes      | Depth REST fallback failed for EMBASSY-RR: key=NSE:2402049 status=no-token
2026-05-30 08:19:19 | INFO     | werkzeug             | 127.0.0.1 - - [30/May/2026 08:19:19] "GET /api/depth/EMBASSY-RR HTTP/1.1" 200 -
2026-05-30 08:19:19 | DEBUG    | urllib3.connectionpool | https://kite.zerodha.com:443 "GET /oms/quote?i=NSE%3A2928385 HTTP/11" 400 75
2026-05-30 08:19:19 | DEBUG    | frontend.routes      | Depth REST fallback failed for BANKBEES: key=NSE:2928385 status=no-token
2026-05-30 08:19:19 | INFO     | werkzeug             | 127.0.0.1 - - [30/May/2026 08:19:19] "GET /api/depth/BANKBEES HTTP/1.1" 200 -
2026-05-30 08:19:20 | DEBUG    | urllib3.connectionpool | https://kite.zerodha.com:443 "GET /oms/quote?i=NSE%3A4680705 HTTP/11" 400 75
2026-05-30 08:19:20 | DEBUG    | frontend.routes      | Depth REST fallback failed for HNGSNGBEES: key=NSE:4680705 status=no-token
2026-05-30 08:19:20 | INFO     | werkzeug             | 127.0.0.1 - - [30/May/2026 08:19:20] "GET /api/depth/HNGSNGBEES HTTP/1.1" 200 -
2026-05-30 08:19:20 | DEBUG    | backend.portfolio.tracker | ✓ MID150BEES avg from HOLDINGS: ₹226.02
2026-05-30 08:19:20 | DEBUG    | backend.portfolio.tracker | ✓ Found MID150BEES in Holdings: 244 free + 0 pledged + 0 T1 = 244 units
2026-05-30 08:19:20 | DEBUG    | backend.portfolio.tracker | 📊 MID150BEES: 244 units (Holdings only)
2026-05-30 08:19:20 | DEBUG    | backend.portfolio.tracker | ✓ MID150BEES avg from HOLDINGS: ₹226.02
2026-05-30 08:19:34 | INFO     | backend.portfolio.tracker | Syncing portfolio with Zerodha...
2026-05-30 08:19:34 | INFO     | werkzeug             | 127.0.0.1 - - [30/May/2026 08:19:34] "GET /api/config HTTP/1.1" 200 -
2026-05-30 08:19:34 | INFO     | werkzeug             | 127.0.0.1 - - [30/May/2026 08:19:34] "GET /api/logs HTTP/1.1" 200 -
2026-05-30 08:19:34 | DEBUG    | urllib3.connectionpool | https://kite.zerodha.com:443 "GET /oms/portfolio/holdings HTTP/11" 403 None
2026-05-30 08:19:34 | DEBUG    | backend.portfolio.tracker | Holdings temporarily unavailable (403) - Zerodha post-trade delay, retaining cached data
2026-05-30 08:19:34 | ERROR    | backend.portfolio.tracker | Failed to fetch holdings
2026-05-30 08:19:34 | INFO     | frontend.routes      | Portfolio synced — changed=False
2026-05-30 08:19:34 | INFO     | werkzeug             | 127.0.0.1 - - [30/May/2026 08:19:34] "POST /api/portfolio/sync HTTP/1.1" 200 -
2026-05-30 08:19:34 | DEBUG    | backend.portfolio.tracker | ✓ Found SILVERBEES in Holdings: 79 free + 0 pledged + 0 T1 = 79 units
2026-05-30 08:19:34 | DEBUG    | backend.portfolio.tracker | 📊 SILVERBEES: 79 units (Holdings only)
2026-05-30 08:19:34 | DEBUG    | backend.portfolio.tracker | ✓ SILVERBEES avg from HOLDINGS: ₹251.45
2026-05-30 08:19:34 | DEBUG    | backend.portfolio.tracker | ✓ Found MID150BEES in Holdings: 244 free + 0 pledged + 0 T1 = 244 units
2026-05-30 08:19:34 | DEBUG    | backend.portfolio.tracker | 📊 MID150BEES: 244 units (Holdings only)
2026-05-30 08:19:34 | DEBUG    | backend.portfolio.tracker | ✓ MID150BEES avg from HOLDINGS: ₹226.02
2026-05-30 08:19:34 | DEBUG    | backend.portfolio.tracker | ✓ Found EMBASSY-RR in Holdings: 0 free + 0 pledged + 47 T1 = 47 units
2026-05-30 08:19:34 | DEBUG    | backend.portfolio.tracker | 📊 EMBASSY-RR: 47 units (Holdings only)
2026-05-30 08:19:34 | DEBUG    | backend.portfolio.tracker | ✓ EMBASSY-RR avg from HOLDINGS: ₹425.39
2026-05-30 08:19:34 | INFO     | werkzeug             | 127.0.0.1 - - [30/May/2026 08:19:34] "GET /api/portfolio HTTP/1.1" 200 -
2026-05-30 08:19:35 | DEBUG    | backend.portfolio.tracker | ✓ MID150BEES avg from HOLDINGS: ₹226.02
2026-05-30 08:19:35 | DEBUG    | backend.portfolio.tracker | ✓ Found MID150BEES in Holdings: 244 free + 0 pledged + 0 T1 = 244 units
2026-05-30 08:19:35 | DEBUG    | backend.portfolio.tracker | 📊 MID150BEES: 244 units (Holdings only)
2026-05-30 08:19:35 | DEBUG    | backend.portfolio.tracker | ✓ MID150BEES avg from HOLDINGS: ₹226.02
2026-05-30 08:19:46 | WARNING  | backend.utils.keep_alive | No ticks for 113s - forcing WebSocket reconnect
2026-05-30 08:19:46 | INFO     | backend.data.realtime | Initializing WebSocket connection...
2026-05-30 08:19:46 | DEBUG    | urllib3.connectionpool | Starting new HTTPS connection (1): api.kite.trade:443
2026-05-30 08:19:46 | DEBUG    | urllib3.connectionpool | https://api.kite.trade:443 "GET /instruments HTTP/11" 200 1656689
2026-05-30 08:19:46 | ERROR    | kiteconnect.ticker   | Connection closed: None - None
2026-05-30 08:19:46 | WARNING  | backend.data.realtime | 🔴 WebSocket closed: None - None
2026-05-30 08:19:46 | INFO     | backend.data.realtime | 🔄 WebSocket reconnect attempt 1(∞) in 10s...
2026-05-30 08:19:47 | INFO     | backend.data.realtime | ✓ Instruments CSV from https://api.kite.trade/instruments (120943 rows)
2026-05-30 08:19:47 | INFO     | backend.data.realtime | Looking up tokens for: MON100, GOLDBEES, SILVERBEES, JUNIORBEES, MINDSPACE-RR, EMBASSY-RR, BANKBEES, HNGSNGBEES, MID150BEES, LIQUIDCASE
2026-05-30 08:19:47 | INFO     | backend.data.realtime | ✓ MON100: token 5821185 (segment=NSE)
2026-05-30 08:19:47 | INFO     | backend.data.realtime | ✓ GOLDBEES: token 3693569 (segment=NSE)
2026-05-30 08:19:47 | INFO     | backend.data.realtime | ✓ SILVERBEES: token 2068481 (segment=NSE)
2026-05-30 08:19:47 | INFO     | backend.data.realtime | ✓ JUNIORBEES: token 2800385 (segment=NSE)
2026-05-30 08:19:47 | INFO     | backend.data.realtime | ✓ MINDSPACE-RR: token 5710849 (segment=NSE)
2026-05-30 08:19:47 | INFO     | backend.data.realtime | ✓ EMBASSY-RR: token 2402049 (segment=NSE)
2026-05-30 08:19:47 | INFO     | backend.data.realtime | ✓ BANKBEES: token 2928385 (segment=NSE)
2026-05-30 08:19:47 | INFO     | backend.data.realtime | ✓ HNGSNGBEES: token 4680705 (segment=NSE)
2026-05-30 08:19:48 | INFO     | backend.data.realtime | ✓ MID150BEES: token 2177537 (segment=NSE)
2026-05-30 08:19:48 | INFO     | backend.data.realtime | ✓ LIQUIDCASE: token 5568001 (segment=NSE)
2026-05-30 08:19:48 | INFO     | backend.data.realtime | ✓ Index NIFTY 50: token 256265
2026-05-30 08:19:48 | INFO     | backend.data.realtime | ✓ Index GIFT NIFTY: token 291849
2026-05-30 08:19:48 | INFO     | backend.data.realtime | ✓ Index NIFTY MIDCAP 150: token 266249
2026-05-30 08:19:48 | INFO     | backend.data.realtime | ✓ Index INDIA VIX: token 264969
2026-05-30 08:19:48 | INFO     | backend.data.realtime | ✓ Token cache saved: 14 tokens → instrument_tokens.json
2026-05-30 08:19:48 | INFO     | backend.data.realtime | ✓ 14 instrument tokens ready
2026-05-30 08:19:48 | INFO     | backend.data.realtime | ✓ WebSocket initialized
2026-05-30 08:19:48 | INFO     | backend.data.realtime | Starting WebSocket connection...
2026-05-30 08:19:48 | INFO     | backend.utils.keep_alive | WS watchdog triggered reconnect
